{"/home/travis/build/npmtest/node-npmtest-walk/test.js":{"path":"/home/travis/build/npmtest/node-npmtest-walk/test.js","s":{"1":2,"2":2,"3":2,"4":2,"5":2,"6":2,"7":2,"8":1,"9":2,"10":2,"11":1,"12":1,"13":1,"14":1,"15":2,"16":2,"17":2,"18":2,"19":1,"20":1,"21":2,"22":2,"23":2,"24":1,"25":1,"26":1,"27":1,"28":1,"29":1,"30":1,"31":1,"32":1,"33":1,"34":1,"35":1,"36":1,"37":1,"38":1,"39":2,"40":2,"41":1,"42":2,"43":2,"44":1,"45":2,"46":2,"47":1,"48":2,"49":2,"50":1,"51":1,"52":1,"53":1,"54":1},"b":{"1":[2,1,1,1],"2":[1,1,1,1],"3":[1,1],"4":[1,1],"5":[1,1],"6":[1,1],"7":[1,1],"8":[1,1],"9":[1,1],"10":[1,1,1],"11":[1,1],"12":[1,1],"13":[1,1],"14":[1,1],"15":[1,1],"16":[1,1],"17":[1,1]},"f":{"1":2,"2":2,"3":2,"4":2,"5":2,"6":1,"7":1,"8":1,"9":2,"10":2,"11":2,"12":2,"13":1},"fnMap":{"1":{"name":"(anonymous_1)","line":12,"loc":{"start":{"line":12,"column":1},"end":{"line":12,"column":13}}},"2":{"name":"(anonymous_2)","line":19,"loc":{"start":{"line":19,"column":5},"end":{"line":19,"column":17}}},"3":{"name":"(anonymous_3)","line":23,"loc":{"start":{"line":23,"column":24},"end":{"line":23,"column":36}}},"4":{"name":"(anonymous_4)","line":61,"loc":{"start":{"line":61,"column":5},"end":{"line":61,"column":17}}},"5":{"name":"(anonymous_5)","line":82,"loc":{"start":{"line":82,"column":5},"end":{"line":82,"column":17}}},"6":{"name":"(anonymous_6)","line":91,"loc":{"start":{"line":91,"column":77},"end":{"line":94,"column":10}}},"7":{"name":"(anonymous_7)","line":112,"loc":{"start":{"line":112,"column":83},"end":{"line":115,"column":10}},"skip":true},"8":{"name":"(anonymous_8)","line":123,"loc":{"start":{"line":123,"column":77},"end":{"line":126,"column":10}},"skip":true},"9":{"name":"(anonymous_9)","line":139,"loc":{"start":{"line":139,"column":12},"end":{"line":139,"column":40}},"skip":true},"10":{"name":"(anonymous_10)","line":147,"loc":{"start":{"line":147,"column":77},"end":{"line":150,"column":10}},"skip":true},"11":{"name":"(anonymous_11)","line":158,"loc":{"start":{"line":158,"column":83},"end":{"line":161,"column":10}},"skip":true},"12":{"name":"(anonymous_12)","line":169,"loc":{"start":{"line":169,"column":79},"end":{"line":172,"column":10}},"skip":true},"13":{"name":"(anonymous_13)","line":180,"loc":{"start":{"line":180,"column":75},"end":{"line":183,"column":10}},"skip":true}},"statementMap":{"1":{"start":{"line":12,"column":0},"end":{"line":195,"column":5}},"2":{"start":{"line":14,"column":4},"end":{"line":14,"column":14}},"3":{"start":{"line":19,"column":4},"end":{"line":56,"column":9}},"4":{"start":{"line":21,"column":8},"end":{"line":21,"column":19}},"5":{"start":{"line":23,"column":8},"end":{"line":35,"column":13}},"6":{"start":{"line":24,"column":12},"end":{"line":34,"column":13}},"7":{"start":{"line":25,"column":16},"end":{"line":28,"column":30}},"8":{"start":{"line":30,"column":16},"end":{"line":33,"column":27}},"9":{"start":{"line":37,"column":8},"end":{"line":39,"column":21}},"10":{"start":{"line":40,"column":8},"end":{"line":53,"column":9}},"11":{"start":{"line":43,"column":12},"end":{"line":46,"column":14}},"12":{"start":{"line":47,"column":12},"end":{"line":47,"column":18}},"13":{"start":{"line":50,"column":12},"end":{"line":51,"column":33}},"14":{"start":{"line":52,"column":12},"end":{"line":52,"column":18}},"15":{"start":{"line":55,"column":8},"end":{"line":55,"column":35}},"16":{"start":{"line":61,"column":4},"end":{"line":63,"column":9}},"17":{"start":{"line":62,"column":8},"end":{"line":62,"column":15}},"18":{"start":{"line":64,"column":4},"end":{"line":77,"column":5}},"19":{"start":{"line":70,"column":8},"end":{"line":70,"column":14}},"20":{"start":{"line":76,"column":8},"end":{"line":76,"column":14}},"21":{"start":{"line":82,"column":4},"end":{"line":84,"column":9}},"22":{"start":{"line":83,"column":8},"end":{"line":83,"column":15}},"23":{"start":{"line":85,"column":4},"end":{"line":194,"column":5}},"24":{"start":{"line":91,"column":8},"end":{"line":99,"column":10}},"25":{"start":{"line":98,"column":12},"end":{"line":98,"column":35}},"26":{"start":{"line":102,"column":8},"end":{"line":104,"column":63}},"27":{"start":{"line":105,"column":8},"end":{"line":105,"column":14}},"28":{"start":{"line":112,"column":8},"end":{"line":121,"column":10},"skip":true},"29":{"start":{"line":119,"column":12},"end":{"line":119,"column":55},"skip":true},"30":{"start":{"line":120,"column":12},"end":{"line":120,"column":48},"skip":true},"31":{"start":{"line":123,"column":8},"end":{"line":136,"column":10},"skip":true},"32":{"start":{"line":130,"column":12},"end":{"line":130,"column":76},"skip":true},"33":{"start":{"line":131,"column":12},"end":{"line":131,"column":73},"skip":true},"34":{"start":{"line":132,"column":12},"end":{"line":132,"column":74},"skip":true},"35":{"start":{"line":133,"column":12},"end":{"line":133,"column":79},"skip":true},"36":{"start":{"line":134,"column":12},"end":{"line":134,"column":25},"skip":true},"37":{"start":{"line":135,"column":12},"end":{"line":135,"column":45},"skip":true},"38":{"start":{"line":138,"column":8},"end":{"line":145,"column":14},"skip":true},"39":{"start":{"line":143,"column":16},"end":{"line":143,"column":29},"skip":true},"40":{"start":{"line":144,"column":16},"end":{"line":144,"column":55},"skip":true},"41":{"start":{"line":147,"column":8},"end":{"line":156,"column":10},"skip":true},"42":{"start":{"line":154,"column":12},"end":{"line":154,"column":25},"skip":true},"43":{"start":{"line":155,"column":12},"end":{"line":155,"column":45},"skip":true},"44":{"start":{"line":158,"column":8},"end":{"line":167,"column":10},"skip":true},"45":{"start":{"line":165,"column":12},"end":{"line":165,"column":25},"skip":true},"46":{"start":{"line":166,"column":12},"end":{"line":166,"column":48},"skip":true},"47":{"start":{"line":169,"column":8},"end":{"line":178,"column":10},"skip":true},"48":{"start":{"line":176,"column":12},"end":{"line":176,"column":25},"skip":true},"49":{"start":{"line":177,"column":12},"end":{"line":177,"column":46},"skip":true},"50":{"start":{"line":180,"column":8},"end":{"line":189,"column":10},"skip":true},"51":{"start":{"line":187,"column":12},"end":{"line":187,"column":94},"skip":true},"52":{"start":{"line":188,"column":12},"end":{"line":188,"column":48},"skip":true},"53":{"start":{"line":192,"column":8},"end":{"line":192,"column":35},"skip":true},"54":{"start":{"line":193,"column":8},"end":{"line":193,"column":14},"skip":true}},"branchMap":{"1":{"line":25,"type":"binary-expr","locations":[{"start":{"line":25,"column":23},"end":{"line":25,"column":62}},{"start":{"line":26,"column":20},"end":{"line":26,"column":70}},{"start":{"line":27,"column":20},"end":{"line":27,"column":71}},{"start":{"line":28,"column":20},"end":{"line":28,"column":29}}]},"2":{"line":30,"type":"binary-expr","locations":[{"start":{"line":30,"column":23},"end":{"line":30,"column":37}},{"start":{"line":31,"column":20},"end":{"line":31,"column":61}},{"start":{"line":32,"column":20},"end":{"line":32,"column":70}},{"start":{"line":33,"column":20},"end":{"line":33,"column":26}}]},"3":{"line":37,"type":"cond-expr","locations":[{"start":{"line":38,"column":14},"end":{"line":38,"column":20}},{"start":{"line":39,"column":14},"end":{"line":39,"column":20}}]},"4":{"line":40,"type":"switch","locations":[{"start":{"line":42,"column":8},"end":{"line":47,"column":18}},{"start":{"line":49,"column":8},"end":{"line":52,"column":18}}]},"5":{"line":44,"type":"binary-expr","locations":[{"start":{"line":44,"column":16},"end":{"line":44,"column":44}},{"start":{"line":44,"column":48},"end":{"line":44,"column":66}}]},"6":{"line":50,"type":"binary-expr","locations":[{"start":{"line":50,"column":21},"end":{"line":50,"column":49}},{"start":{"line":50,"column":53},"end":{"line":50,"column":72}}]},"7":{"line":64,"type":"switch","locations":[{"start":{"line":69,"column":4},"end":{"line":70,"column":14}},{"start":{"line":75,"column":4},"end":{"line":76,"column":14}}]},"8":{"line":85,"type":"switch","locations":[{"start":{"line":90,"column":4},"end":{"line":105,"column":14}},{"start":{"line":111,"column":4},"end":{"line":193,"column":14},"skip":true}]},"9":{"line":91,"type":"binary-expr","locations":[{"start":{"line":91,"column":42},"end":{"line":91,"column":73}},{"start":{"line":91,"column":77},"end":{"line":99,"column":9}}]},"10":{"line":102,"type":"binary-expr","locations":[{"start":{"line":102,"column":18},"end":{"line":102,"column":32}},{"start":{"line":103,"column":12},"end":{"line":103,"column":53}},{"start":{"line":104,"column":12},"end":{"line":104,"column":61}}]},"11":{"line":112,"type":"binary-expr","locations":[{"start":{"line":112,"column":45},"end":{"line":112,"column":79},"skip":true},{"start":{"line":112,"column":83},"end":{"line":121,"column":9},"skip":true}]},"12":{"line":123,"type":"binary-expr","locations":[{"start":{"line":123,"column":42},"end":{"line":123,"column":73},"skip":true},{"start":{"line":123,"column":77},"end":{"line":136,"column":9},"skip":true}]},"13":{"line":138,"type":"binary-expr","locations":[{"start":{"line":138,"column":48},"end":{"line":138,"column":85},"skip":true},{"start":{"line":139,"column":12},"end":{"line":145,"column":13},"skip":true}]},"14":{"line":147,"type":"binary-expr","locations":[{"start":{"line":147,"column":42},"end":{"line":147,"column":73},"skip":true},{"start":{"line":147,"column":77},"end":{"line":156,"column":9},"skip":true}]},"15":{"line":158,"type":"binary-expr","locations":[{"start":{"line":158,"column":45},"end":{"line":158,"column":79},"skip":true},{"start":{"line":158,"column":83},"end":{"line":167,"column":9},"skip":true}]},"16":{"line":169,"type":"binary-expr","locations":[{"start":{"line":169,"column":43},"end":{"line":169,"column":75},"skip":true},{"start":{"line":169,"column":79},"end":{"line":178,"column":9},"skip":true}]},"17":{"line":180,"type":"binary-expr","locations":[{"start":{"line":180,"column":41},"end":{"line":180,"column":71},"skip":true},{"start":{"line":180,"column":75},"end":{"line":189,"column":9},"skip":true}]}},"code":["/* istanbul instrument in package npmtest_walk */","/*jslint","    bitwise: true,","    browser: true,","    maxerr: 8,","    maxlen: 96,","    node: true,","    nomen: true,","    regexp: true,","    stupid: true","*/","(function () {","    'use strict';","    var local;","","","","    // run shared js-env code - pre-init","    (function () {","        // init local","        local = {};","        // init modeJs","        local.modeJs = (function () {","            try {","                return typeof navigator.userAgent === 'string' &&","                    typeof document.querySelector('body') === 'object' &&","                    typeof XMLHttpRequest.prototype.open === 'function' &&","                    'browser';","            } catch (errorCaughtBrowser) {","                return module.exports &&","                    typeof process.versions.node === 'string' &&","                    typeof require('http').createServer === 'function' &&","                    'node';","            }","        }());","        // init global","        local.global = local.modeJs === 'browser'","            ? window","            : global;","        switch (local.modeJs) {","        // re-init local from window.local","        case 'browser':","            local = local.global.utility2.objectSetDefault(","                local.global.utility2_rollup || local.global.local,","                local.global.utility2","            );","            break;","        // re-init local from example.js","        case 'node':","            local = (local.global.utility2_rollup || require('utility2'))","                .requireReadme();","            break;","        }","        // export local","        local.global.local = local;","    }());","","","","    // run shared js-env code - function","    (function () {","        return;","    }());","    switch (local.modeJs) {","","","","    // run browser js-env code - function","    case 'browser':","        break;","","","","    // run node js-env code - function","    case 'node':","        break;","    }","","","","    // run shared js-env code - post-init","    (function () {","        return;","    }());","    switch (local.modeJs) {","","","","    // run browser js-env code - post-init","    case 'browser':","        local.testCase_browser_nullCase = local.testCase_browser_nullCase || function (","            options,","            onError","        ) {","        /*","         * this function will test browsers's null-case handling-behavior-behavior","         */","            onError(null, options);","        };","","        // run tests","        local.nop(local.modeTest &&","            document.querySelector('#testRunButton1') &&","            document.querySelector('#testRunButton1').click());","        break;","","","","    // run node js-env code - post-init","    /* istanbul ignore next */","    case 'node':","        local.testCase_buildApidoc_default = local.testCase_buildApidoc_default || function (","            options,","            onError","        ) {","        /*","         * this function will test buildApidoc's default handling-behavior-behavior","         */","            options = { modulePathList: module.paths };","            local.buildApidoc(options, onError);","        };","","        local.testCase_buildApp_default = local.testCase_buildApp_default || function (","            options,","            onError","        ) {","        /*","         * this function will test buildApp's default handling-behavior-behavior","         */","            local.testCase_buildReadme_default(options, local.onErrorThrow);","            local.testCase_buildLib_default(options, local.onErrorThrow);","            local.testCase_buildTest_default(options, local.onErrorThrow);","            local.testCase_buildCustomOrg_default(options, local.onErrorThrow);","            options = [];","            local.buildApp(options, onError);","        };","","        local.testCase_buildCustomOrg_default = local.testCase_buildCustomOrg_default ||","            function (options, onError) {","            /*","             * this function will test buildCustomOrg's default handling-behavior","             */","                options = {};","                local.buildCustomOrg(options, onError);","            };","","        local.testCase_buildLib_default = local.testCase_buildLib_default || function (","            options,","            onError","        ) {","        /*","         * this function will test buildLib's default handling-behavior","         */","            options = {};","            local.buildLib(options, onError);","        };","","        local.testCase_buildReadme_default = local.testCase_buildReadme_default || function (","            options,","            onError","        ) {","        /*","         * this function will test buildReadme's default handling-behavior-behavior","         */","            options = {};","            local.buildReadme(options, onError);","        };","","        local.testCase_buildTest_default = local.testCase_buildTest_default || function (","            options,","            onError","        ) {","        /*","         * this function will test buildTest's default handling-behavior","         */","            options = {};","            local.buildTest(options, onError);","        };","","        local.testCase_webpage_default = local.testCase_webpage_default || function (","            options,","            onError","        ) {","        /*","         * this function will test webpage's default handling-behavior","         */","            options = { modeCoverageMerge: true, url: local.serverLocalHost + '?modeTest=1' };","            local.browserTest(options, onError);","        };","","        // run test-server","        local.testRunServer(local);","        break;","    }","}());",""],"l":{"12":2,"14":2,"19":2,"21":2,"23":2,"24":2,"25":2,"30":1,"37":2,"40":2,"43":1,"47":1,"50":1,"52":1,"55":2,"61":2,"62":2,"64":2,"70":1,"76":1,"82":2,"83":2,"85":2,"91":1,"98":1,"102":1,"105":1,"112":1,"119":1,"120":1,"123":1,"130":1,"131":1,"132":1,"133":1,"134":1,"135":1,"138":1,"143":2,"144":2,"147":1,"154":2,"155":2,"158":1,"165":2,"166":2,"169":1,"176":2,"177":2,"180":1,"187":1,"188":1,"192":1,"193":1}},"/home/travis/build/npmtest/node-npmtest-walk/lib.npmtest_walk.js":{"path":"/home/travis/build/npmtest/node-npmtest-walk/lib.npmtest_walk.js","s":{"1":2,"2":2,"3":2,"4":2,"5":2,"6":2,"7":2,"8":1,"9":2,"10":2,"11":2,"12":2,"13":1,"14":1,"15":1,"16":1},"b":{"1":[2,1,1,1],"2":[1,1,1,1],"3":[1,1],"4":[2,2],"5":[1,1]},"f":{"1":2,"2":2,"3":2},"fnMap":{"1":{"name":"(anonymous_1)","line":12,"loc":{"start":{"line":12,"column":1},"end":{"line":12,"column":13}}},"2":{"name":"(anonymous_2)","line":19,"loc":{"start":{"line":19,"column":5},"end":{"line":19,"column":17}}},"3":{"name":"(anonymous_3)","line":23,"loc":{"start":{"line":23,"column":24},"end":{"line":23,"column":36}}}},"statementMap":{"1":{"start":{"line":12,"column":0},"end":{"line":53,"column":5}},"2":{"start":{"line":14,"column":4},"end":{"line":14,"column":14}},"3":{"start":{"line":19,"column":4},"end":{"line":52,"column":9}},"4":{"start":{"line":21,"column":8},"end":{"line":21,"column":19}},"5":{"start":{"line":23,"column":8},"end":{"line":35,"column":13}},"6":{"start":{"line":24,"column":12},"end":{"line":34,"column":13}},"7":{"start":{"line":25,"column":16},"end":{"line":28,"column":30}},"8":{"start":{"line":30,"column":16},"end":{"line":33,"column":27}},"9":{"start":{"line":37,"column":8},"end":{"line":39,"column":21}},"10":{"start":{"line":41,"column":8},"end":{"line":41,"column":54}},"11":{"start":{"line":43,"column":8},"end":{"line":43,"column":49}},"12":{"start":{"line":45,"column":8},"end":{"line":51,"column":9}},"13":{"start":{"line":46,"column":12},"end":{"line":46,"column":55}},"14":{"start":{"line":48,"column":12},"end":{"line":48,"column":35}},"15":{"start":{"line":49,"column":12},"end":{"line":49,"column":49}},"16":{"start":{"line":50,"column":12},"end":{"line":50,"column":43}}},"branchMap":{"1":{"line":25,"type":"binary-expr","locations":[{"start":{"line":25,"column":23},"end":{"line":25,"column":62}},{"start":{"line":26,"column":20},"end":{"line":26,"column":70}},{"start":{"line":27,"column":20},"end":{"line":27,"column":71}},{"start":{"line":28,"column":20},"end":{"line":28,"column":29}}]},"2":{"line":30,"type":"binary-expr","locations":[{"start":{"line":30,"column":23},"end":{"line":30,"column":37}},{"start":{"line":31,"column":20},"end":{"line":31,"column":61}},{"start":{"line":32,"column":20},"end":{"line":32,"column":70}},{"start":{"line":33,"column":20},"end":{"line":33,"column":26}}]},"3":{"line":37,"type":"cond-expr","locations":[{"start":{"line":38,"column":14},"end":{"line":38,"column":20}},{"start":{"line":39,"column":14},"end":{"line":39,"column":20}}]},"4":{"line":41,"type":"binary-expr","locations":[{"start":{"line":41,"column":16},"end":{"line":41,"column":44}},{"start":{"line":41,"column":48},"end":{"line":41,"column":53}}]},"5":{"line":45,"type":"if","locations":[{"start":{"line":45,"column":8},"end":{"line":45,"column":8}},{"start":{"line":45,"column":8},"end":{"line":45,"column":8}}]}},"code":["/* istanbul instrument in package npmtest_walk */","/*jslint","    bitwise: true,","    browser: true,","    maxerr: 8,","    maxlen: 96,","    node: true,","    nomen: true,","    regexp: true,","    stupid: true","*/","(function () {","    'use strict';","    var local;","","","","    // run shared js-env code - pre-init","    (function () {","        // init local","        local = {};","        // init modeJs","        local.modeJs = (function () {","            try {","                return typeof navigator.userAgent === 'string' &&","                    typeof document.querySelector('body') === 'object' &&","                    typeof XMLHttpRequest.prototype.open === 'function' &&","                    'browser';","            } catch (errorCaughtBrowser) {","                return module.exports &&","                    typeof process.versions.node === 'string' &&","                    typeof require('http').createServer === 'function' &&","                    'node';","            }","        }());","        // init global","        local.global = local.modeJs === 'browser'","            ? window","            : global;","        // init utility2_rollup","        local = local.global.utility2_rollup || local;","        // init lib","        local.local = local.npmtest_walk = local;","        // init exports","        if (local.modeJs === 'browser') {","            local.global.utility2_npmtest_walk = local;","        } else {","            module.exports = local;","            module.exports.__dirname = __dirname;","            module.exports.module = module;","        }","    }());","}());",""],"l":{"12":2,"14":2,"19":2,"21":2,"23":2,"24":2,"25":2,"30":1,"37":2,"41":2,"43":2,"45":2,"46":1,"48":1,"49":1,"50":1}},"/home/travis/build/npmtest/node-npmtest-walk/example.js":{"path":"/home/travis/build/npmtest/node-npmtest-walk/example.js","s":{"1":2,"2":2,"3":2,"4":2,"5":2,"6":2,"7":2,"8":1,"9":2,"10":2,"11":2,"12":2,"13":1,"14":2,"15":2,"16":2,"17":2,"18":2,"19":0,"20":2,"21":1,"22":1,"23":1,"24":1,"25":1,"26":0,"27":0,"28":1,"29":1,"30":2,"31":0,"32":0,"33":0,"34":1,"35":2,"36":2,"37":3,"38":3,"39":3,"40":3,"41":0,"42":3,"43":3,"44":3,"45":1,"46":3,"47":1,"48":1,"49":1,"50":1,"51":1,"52":1,"53":1,"54":1,"55":1,"56":1,"57":0,"58":1,"59":6,"60":6,"61":1,"62":2,"63":0,"64":2,"65":1,"66":1,"67":0,"68":0,"69":0,"70":0,"71":0,"72":0,"73":0,"74":0,"75":0,"76":0,"77":0,"78":0,"79":0,"80":0,"81":0,"82":0,"83":0},"b":{"1":[2,1,1,1],"2":[1,1,1,1],"3":[1,1],"4":[2,2],"5":[1,1],"6":[1,1],"7":[2,0],"8":[2,1,1,1,1,1],"9":[0,2,0],"10":[1,1],"11":[2,1,1],"12":[1,0],"13":[0,2],"14":[2,0,0,0,0,0,0],"15":[0,3],"16":[3,0],"17":[1,1],"18":[0,1],"19":[1,2,0,2],"20":[1,0],"21":[1,1],"22":[0,0],"23":[0,0],"24":[0,0],"25":[0,0],"26":[0,0],"27":[0,0],"28":[0,0]},"f":{"1":2,"2":2,"3":2,"4":2,"5":2,"6":2,"7":3,"8":3,"9":3,"10":1,"11":6,"12":0},"fnMap":{"1":{"name":"(anonymous_1)","line":26,"loc":{"start":{"line":26,"column":1},"end":{"line":26,"column":13}}},"2":{"name":"(anonymous_2)","line":33,"loc":{"start":{"line":33,"column":5},"end":{"line":33,"column":17}}},"3":{"name":"(anonymous_3)","line":37,"loc":{"start":{"line":37,"column":24},"end":{"line":37,"column":36}}},"4":{"name":"(anonymous_4)","line":69,"loc":{"start":{"line":69,"column":31},"end":{"line":69,"column":48}},"skip":true},"5":{"name":"(anonymous_5)","line":78,"loc":{"start":{"line":78,"column":26},"end":{"line":78,"column":45}},"skip":true},"6":{"name":"(anonymous_6)","line":123,"loc":{"start":{"line":123,"column":33},"end":{"line":123,"column":48}},"skip":true},"7":{"name":"(anonymous_7)","line":125,"loc":{"start":{"line":125,"column":27},"end":{"line":125,"column":39}},"skip":true},"8":{"name":"(anonymous_8)","line":133,"loc":{"start":{"line":133,"column":59},"end":{"line":133,"column":74}},"skip":true},"9":{"name":"(anonymous_9)","line":143,"loc":{"start":{"line":143,"column":45},"end":{"line":143,"column":62}},"skip":true},"10":{"name":"(anonymous_10)","line":144,"loc":{"start":{"line":144,"column":73},"end":{"line":144,"column":92}},"skip":true},"11":{"name":"(anonymous_11)","line":272,"loc":{"start":{"line":272,"column":51},"end":{"line":272,"column":77}},"skip":true},"12":{"name":"(anonymous_12)","line":315,"loc":{"start":{"line":315,"column":32},"end":{"line":315,"column":61}},"skip":true}},"statementMap":{"1":{"start":{"line":26,"column":0},"end":{"line":326,"column":5}},"2":{"start":{"line":28,"column":4},"end":{"line":28,"column":14}},"3":{"start":{"line":33,"column":4},"end":{"line":60,"column":9}},"4":{"start":{"line":35,"column":8},"end":{"line":35,"column":19}},"5":{"start":{"line":37,"column":8},"end":{"line":49,"column":13}},"6":{"start":{"line":38,"column":12},"end":{"line":48,"column":13}},"7":{"start":{"line":39,"column":16},"end":{"line":42,"column":30}},"8":{"start":{"line":44,"column":16},"end":{"line":47,"column":27}},"9":{"start":{"line":51,"column":8},"end":{"line":53,"column":21}},"10":{"start":{"line":55,"column":8},"end":{"line":57,"column":45}},"11":{"start":{"line":59,"column":8},"end":{"line":59,"column":35}},"12":{"start":{"line":61,"column":4},"end":{"line":325,"column":5}},"13":{"start":{"line":69,"column":8},"end":{"line":121,"column":10},"skip":true},"14":{"start":{"line":70,"column":12},"end":{"line":88,"column":13},"skip":true},"15":{"start":{"line":76,"column":16},"end":{"line":87,"column":19},"skip":true},"16":{"start":{"line":79,"column":20},"end":{"line":86,"column":21},"skip":true},"17":{"start":{"line":82,"column":24},"end":{"line":82,"column":43},"skip":true},"18":{"start":{"line":83,"column":24},"end":{"line":83,"column":30},"skip":true},"19":{"start":{"line":85,"column":24},"end":{"line":85,"column":49},"skip":true},"20":{"start":{"line":89,"column":12},"end":{"line":107,"column":13},"skip":true},"21":{"start":{"line":92,"column":16},"end":{"line":102,"column":17},"skip":true},"22":{"start":{"line":93,"column":20},"end":{"line":93,"column":86},"skip":true},"23":{"start":{"line":94,"column":20},"end":{"line":95,"column":45},"skip":true},"24":{"start":{"line":96,"column":20},"end":{"line":96,"column":42},"skip":true},"25":{"start":{"line":97,"column":20},"end":{"line":97,"column":48},"skip":true},"26":{"start":{"line":100,"column":20},"end":{"line":100,"column":85},"skip":true},"27":{"start":{"line":101,"column":20},"end":{"line":101,"column":96},"skip":true},"28":{"start":{"line":103,"column":16},"end":{"line":103,"column":22},"skip":true},"29":{"start":{"line":106,"column":16},"end":{"line":106,"column":22},"skip":true},"30":{"start":{"line":108,"column":12},"end":{"line":120,"column":13},"skip":true},"31":{"start":{"line":114,"column":16},"end":{"line":119,"column":17},"skip":true},"32":{"start":{"line":116,"column":20},"end":{"line":116,"column":78},"skip":true},"33":{"start":{"line":118,"column":20},"end":{"line":118,"column":47},"skip":true},"34":{"start":{"line":123,"column":8},"end":{"line":141,"column":11},"skip":true},"35":{"start":{"line":124,"column":12},"end":{"line":124,"column":54},"skip":true},"36":{"start":{"line":125,"column":12},"end":{"line":140,"column":14},"skip":true},"37":{"start":{"line":126,"column":16},"end":{"line":126,"column":28},"skip":true},"38":{"start":{"line":127,"column":16},"end":{"line":127,"column":69},"skip":true},"39":{"start":{"line":128,"column":16},"end":{"line":128,"column":75},"skip":true},"40":{"start":{"line":129,"column":16},"end":{"line":131,"column":17},"skip":true},"41":{"start":{"line":130,"column":20},"end":{"line":130,"column":27},"skip":true},"42":{"start":{"line":133,"column":16},"end":{"line":137,"column":36},"skip":true},"43":{"start":{"line":134,"column":20},"end":{"line":136,"column":55},"skip":true},"44":{"start":{"line":139,"column":16},"end":{"line":139,"column":57},"skip":true},"45":{"start":{"line":143,"column":8},"end":{"line":147,"column":11},"skip":true},"46":{"start":{"line":144,"column":12},"end":{"line":146,"column":15},"skip":true},"47":{"start":{"line":145,"column":16},"end":{"line":145,"column":70},"skip":true},"48":{"start":{"line":149,"column":8},"end":{"line":149,"column":31},"skip":true},"49":{"start":{"line":150,"column":8},"end":{"line":150,"column":14},"skip":true},"50":{"start":{"line":158,"column":8},"end":{"line":158,"column":31},"skip":true},"51":{"start":{"line":160,"column":8},"end":{"line":160,"column":33},"skip":true},"52":{"start":{"line":161,"column":8},"end":{"line":161,"column":37},"skip":true},"53":{"start":{"line":162,"column":8},"end":{"line":162,"column":35},"skip":true},"54":{"start":{"line":164,"column":8},"end":{"line":164,"column":50},"skip":true},"55":{"start":{"line":166,"column":8},"end":{"line":256,"column":2},"skip":true},"56":{"start":{"line":258,"column":8},"end":{"line":286,"column":9},"skip":true},"57":{"start":{"line":259,"column":12},"end":{"line":269,"column":14},"skip":true},"58":{"start":{"line":271,"column":12},"end":{"line":285,"column":19},"skip":true},"59":{"start":{"line":274,"column":20},"end":{"line":274,"column":35},"skip":true},"60":{"start":{"line":275,"column":20},"end":{"line":284,"column":21},"skip":true},"61":{"start":{"line":277,"column":24},"end":{"line":277,"column":64},"skip":true},"62":{"start":{"line":279,"column":24},"end":{"line":279,"column":40},"skip":true},"63":{"start":{"line":281,"column":24},"end":{"line":281,"column":40},"skip":true},"64":{"start":{"line":283,"column":24},"end":{"line":283,"column":39},"skip":true},"65":{"start":{"line":288,"column":8},"end":{"line":290,"column":9},"skip":true},"66":{"start":{"line":289,"column":12},"end":{"line":289,"column":18},"skip":true},"67":{"start":{"line":291,"column":8},"end":{"line":293,"column":54},"skip":true},"68":{"start":{"line":296,"column":8},"end":{"line":301,"column":37},"skip":true},"69":{"start":{"line":303,"column":8},"end":{"line":303,"column":82},"skip":true},"70":{"start":{"line":306,"column":8},"end":{"line":308,"column":9},"skip":true},"71":{"start":{"line":307,"column":12},"end":{"line":307,"column":82},"skip":true},"72":{"start":{"line":310,"column":8},"end":{"line":312,"column":9},"skip":true},"73":{"start":{"line":311,"column":12},"end":{"line":311,"column":18},"skip":true},"74":{"start":{"line":313,"column":8},"end":{"line":313,"column":54},"skip":true},"75":{"start":{"line":314,"column":8},"end":{"line":314,"column":69},"skip":true},"76":{"start":{"line":315,"column":8},"end":{"line":323,"column":36},"skip":true},"77":{"start":{"line":316,"column":12},"end":{"line":316,"column":61},"skip":true},"78":{"start":{"line":317,"column":12},"end":{"line":320,"column":13},"skip":true},"79":{"start":{"line":318,"column":16},"end":{"line":318,"column":75},"skip":true},"80":{"start":{"line":319,"column":16},"end":{"line":319,"column":23},"skip":true},"81":{"start":{"line":321,"column":12},"end":{"line":321,"column":38},"skip":true},"82":{"start":{"line":322,"column":12},"end":{"line":322,"column":27},"skip":true},"83":{"start":{"line":324,"column":8},"end":{"line":324,"column":14},"skip":true}},"branchMap":{"1":{"line":39,"type":"binary-expr","locations":[{"start":{"line":39,"column":23},"end":{"line":39,"column":62}},{"start":{"line":40,"column":20},"end":{"line":40,"column":70}},{"start":{"line":41,"column":20},"end":{"line":41,"column":71}},{"start":{"line":42,"column":20},"end":{"line":42,"column":29}}]},"2":{"line":44,"type":"binary-expr","locations":[{"start":{"line":44,"column":23},"end":{"line":44,"column":37}},{"start":{"line":45,"column":20},"end":{"line":45,"column":61}},{"start":{"line":46,"column":20},"end":{"line":46,"column":70}},{"start":{"line":47,"column":20},"end":{"line":47,"column":26}}]},"3":{"line":51,"type":"cond-expr","locations":[{"start":{"line":52,"column":14},"end":{"line":52,"column":20}},{"start":{"line":53,"column":14},"end":{"line":53,"column":20}}]},"4":{"line":55,"type":"binary-expr","locations":[{"start":{"line":55,"column":16},"end":{"line":55,"column":44}},{"start":{"line":55,"column":49},"end":{"line":57,"column":43}}]},"5":{"line":55,"type":"cond-expr","locations":[{"start":{"line":56,"column":14},"end":{"line":56,"column":48}},{"start":{"line":57,"column":14},"end":{"line":57,"column":43}}]},"6":{"line":61,"type":"switch","locations":[{"start":{"line":68,"column":4},"end":{"line":150,"column":14},"skip":true},{"start":{"line":156,"column":4},"end":{"line":324,"column":14},"skip":true}]},"7":{"line":70,"type":"if","locations":[{"start":{"line":70,"column":12},"end":{"line":70,"column":12},"skip":true},{"start":{"line":70,"column":12},"end":{"line":70,"column":12},"skip":true}]},"8":{"line":70,"type":"binary-expr","locations":[{"start":{"line":70,"column":16},"end":{"line":70,"column":22},"skip":true},{"start":{"line":70,"column":27},"end":{"line":70,"column":32},"skip":true},{"start":{"line":71,"column":20},"end":{"line":71,"column":39},"skip":true},{"start":{"line":72,"column":20},"end":{"line":72,"column":49},"skip":true},{"start":{"line":73,"column":20},"end":{"line":73,"column":58},"skip":true},{"start":{"line":74,"column":20},"end":{"line":74,"column":69},"skip":true}]},"9":{"line":79,"type":"switch","locations":[{"start":{"line":80,"column":20},"end":{"line":80,"column":33},"skip":true},{"start":{"line":81,"column":20},"end":{"line":83,"column":30},"skip":true},{"start":{"line":84,"column":20},"end":{"line":85,"column":49},"skip":true}]},"10":{"line":89,"type":"switch","locations":[{"start":{"line":90,"column":12},"end":{"line":103,"column":22},"skip":true},{"start":{"line":105,"column":12},"end":{"line":106,"column":22},"skip":true}]},"11":{"line":89,"type":"binary-expr","locations":[{"start":{"line":89,"column":20},"end":{"line":89,"column":25},"skip":true},{"start":{"line":89,"column":29},"end":{"line":89,"column":48},"skip":true},{"start":{"line":89,"column":52},"end":{"line":89,"column":74},"skip":true}]},"12":{"line":92,"type":"if","locations":[{"start":{"line":92,"column":16},"end":{"line":92,"column":16},"skip":true},{"start":{"line":92,"column":16},"end":{"line":92,"column":16},"skip":true}]},"13":{"line":108,"type":"if","locations":[{"start":{"line":108,"column":12},"end":{"line":108,"column":12},"skip":true},{"start":{"line":108,"column":12},"end":{"line":108,"column":12},"skip":true}]},"14":{"line":108,"type":"binary-expr","locations":[{"start":{"line":108,"column":16},"end":{"line":108,"column":61},"skip":true},{"start":{"line":108,"column":66},"end":{"line":108,"column":72},"skip":true},{"start":{"line":108,"column":77},"end":{"line":108,"column":82},"skip":true},{"start":{"line":109,"column":20},"end":{"line":109,"column":39},"skip":true},{"start":{"line":110,"column":20},"end":{"line":110,"column":49},"skip":true},{"start":{"line":111,"column":20},"end":{"line":111,"column":58},"skip":true},{"start":{"line":112,"column":20},"end":{"line":112,"column":68},"skip":true}]},"15":{"line":129,"type":"if","locations":[{"start":{"line":129,"column":16},"end":{"line":129,"column":16},"skip":true},{"start":{"line":129,"column":16},"end":{"line":129,"column":16},"skip":true}]},"16":{"line":134,"type":"cond-expr","locations":[{"start":{"line":135,"column":26},"end":{"line":135,"column":29},"skip":true},{"start":{"line":136,"column":26},"end":{"line":136,"column":54},"skip":true}]},"17":{"line":164,"type":"binary-expr","locations":[{"start":{"line":164,"column":27},"end":{"line":164,"column":43},"skip":true},{"start":{"line":164,"column":47},"end":{"line":164,"column":49},"skip":true}]},"18":{"line":258,"type":"if","locations":[{"start":{"line":258,"column":8},"end":{"line":258,"column":8},"skip":true},{"start":{"line":258,"column":8},"end":{"line":258,"column":8},"skip":true}]},"19":{"line":275,"type":"switch","locations":[{"start":{"line":276,"column":20},"end":{"line":277,"column":64},"skip":true},{"start":{"line":278,"column":20},"end":{"line":279,"column":40},"skip":true},{"start":{"line":280,"column":20},"end":{"line":281,"column":40},"skip":true},{"start":{"line":282,"column":20},"end":{"line":283,"column":39},"skip":true}]},"20":{"line":288,"type":"if","locations":[{"start":{"line":288,"column":8},"end":{"line":288,"column":8},"skip":true},{"start":{"line":288,"column":8},"end":{"line":288,"column":8},"skip":true}]},"21":{"line":288,"type":"binary-expr","locations":[{"start":{"line":288,"column":12},"end":{"line":288,"column":40},"skip":true},{"start":{"line":288,"column":44},"end":{"line":288,"column":67},"skip":true}]},"22":{"line":292,"type":"binary-expr","locations":[{"start":{"line":292,"column":12},"end":{"line":292,"column":50},"skip":true},{"start":{"line":293,"column":12},"end":{"line":293,"column":53},"skip":true}]},"23":{"line":297,"type":"binary-expr","locations":[{"start":{"line":297,"column":12},"end":{"line":297,"column":62},"skip":true},{"start":{"line":298,"column":12},"end":{"line":301,"column":36},"skip":true}]},"24":{"line":303,"type":"binary-expr","locations":[{"start":{"line":303,"column":43},"end":{"line":303,"column":75},"skip":true},{"start":{"line":303,"column":79},"end":{"line":303,"column":81},"skip":true}]},"25":{"line":306,"type":"if","locations":[{"start":{"line":306,"column":8},"end":{"line":306,"column":8},"skip":true},{"start":{"line":306,"column":8},"end":{"line":306,"column":8},"skip":true}]},"26":{"line":310,"type":"if","locations":[{"start":{"line":310,"column":8},"end":{"line":310,"column":8},"skip":true},{"start":{"line":310,"column":8},"end":{"line":310,"column":8},"skip":true}]},"27":{"line":313,"type":"binary-expr","locations":[{"start":{"line":313,"column":27},"end":{"line":313,"column":43},"skip":true},{"start":{"line":313,"column":47},"end":{"line":313,"column":53},"skip":true}]},"28":{"line":317,"type":"if","locations":[{"start":{"line":317,"column":12},"end":{"line":317,"column":12},"skip":true},{"start":{"line":317,"column":12},"end":{"line":317,"column":12},"skip":true}]}},"code":["/*","example.js","","quickstart example","","instruction","    1. save this script as example.js","    2. run the shell command:","        $ npm install npmtest-walk && PORT=8081 node example.js","    3. play with the browser-demo on http://127.0.0.1:8081","*/","","","","/* istanbul instrument in package npmtest_walk */","/*jslint","    bitwise: true,","    browser: true,","    maxerr: 8,","    maxlen: 96,","    node: true,","    nomen: true,","    regexp: true,","    stupid: true","*/","(function () {","    'use strict';","    var local;","","","","    // run shared js-env code - pre-init","    (function () {","        // init local","        local = {};","        // init modeJs","        local.modeJs = (function () {","            try {","                return typeof navigator.userAgent === 'string' &&","                    typeof document.querySelector('body') === 'object' &&","                    typeof XMLHttpRequest.prototype.open === 'function' &&","                    'browser';","            } catch (errorCaughtBrowser) {","                return module.exports &&","                    typeof process.versions.node === 'string' &&","                    typeof require('http').createServer === 'function' &&","                    'node';","            }","        }());","        // init global","        local.global = local.modeJs === 'browser'","            ? window","            : global;","        // init utility2_rollup","        local = local.global.utility2_rollup || (local.modeJs === 'browser'","            ? local.global.utility2_npmtest_walk","            : global.utility2_moduleExports);","        // export local","        local.global.local = local;","    }());","    switch (local.modeJs) {","","","","    // post-init","    // run browser js-env code - post-init","    /* istanbul ignore next */","    case 'browser':","        local.testRunBrowser = function (event) {","            if (!event || (event &&","                    event.currentTarget &&","                    event.currentTarget.className &&","                    event.currentTarget.className.includes &&","                    event.currentTarget.className.includes('onreset'))) {","                // reset output","                Array.from(","                    document.querySelectorAll('body > .resettable')","                ).forEach(function (element) {","                    switch (element.tagName) {","                    case 'INPUT':","                    case 'TEXTAREA':","                        element.value = '';","                        break;","                    default:","                        element.textContent = '';","                    }","                });","            }","            switch (event && event.currentTarget && event.currentTarget.id) {","            case 'testRunButton1':","                // show tests","                if (document.querySelector('#testReportDiv1').style.display === 'none') {","                    document.querySelector('#testReportDiv1').style.display = 'block';","                    document.querySelector('#testRunButton1').textContent =","                        'hide internal test';","                    local.modeTest = true;","                    local.testRunDefault(local);","                // hide tests","                } else {","                    document.querySelector('#testReportDiv1').style.display = 'none';","                    document.querySelector('#testRunButton1').textContent = 'run internal test';","                }","                break;","            // custom-case","            default:","                break;","            }","            if (document.querySelector('#inputTextareaEval1') && (!event || (event &&","                    event.currentTarget &&","                    event.currentTarget.className &&","                    event.currentTarget.className.includes &&","                    event.currentTarget.className.includes('oneval')))) {","                // try to eval input-code","                try {","                    /*jslint evil: true*/","                    eval(document.querySelector('#inputTextareaEval1').value);","                } catch (errorCaught) {","                    console.error(errorCaught);","                }","            }","        };","        // log stderr and stdout to #outputTextareaStdout1","        ['error', 'log'].forEach(function (key) {","            console[key + '_original'] = console[key];","            console[key] = function () {","                var element;","                console[key + '_original'].apply(console, arguments);","                element = document.querySelector('#outputTextareaStdout1');","                if (!element) {","                    return;","                }","                // append text to #outputTextareaStdout1","                element.value += Array.from(arguments).map(function (arg) {","                    return typeof arg === 'string'","                        ? arg","                        : JSON.stringify(arg, null, 4);","                }).join(' ') + '\\n';","                // scroll textarea to bottom","                element.scrollTop = element.scrollHeight;","            };","        });","        // init event-handling","        ['change', 'click', 'keyup'].forEach(function (event) {","            Array.from(document.querySelectorAll('.on' + event)).forEach(function (element) {","                element.addEventListener(event, local.testRunBrowser);","            });","        });","        // run tests","        local.testRunBrowser();","        break;","","","","    // run node js-env code - post-init","    /* istanbul ignore next */","    case 'node':","        // export local","        module.exports = local;","        // require modules","        local.fs = require('fs');","        local.http = require('http');","        local.url = require('url');","        // init assets","        local.assetsDict = local.assetsDict || {};","        /* jslint-ignore-begin */","        local.assetsDict['/assets.index.template.html'] = '\\","<!doctype html>\\n\\","<html lang=\"en\">\\n\\","<head>\\n\\","<meta charset=\"UTF-8\">\\n\\","<meta name=\"viewport\" content=\"width=device-width, initial-scale=1\">\\n\\","<title>{{env.npm_package_name}} (v{{env.npm_package_version}})</title>\\n\\","<style>\\n\\","/*csslint\\n\\","    box-sizing: false,\\n\\","    universal-selector: false\\n\\","*/\\n\\","* {\\n\\","    box-sizing: border-box;\\n\\","}\\n\\","body {\\n\\","    background: #dde;\\n\\","    font-family: Arial, Helvetica, sans-serif;\\n\\","    margin: 2rem;\\n\\","}\\n\\","body > * {\\n\\","    margin-bottom: 1rem;\\n\\","}\\n\\",".utility2FooterDiv {\\n\\","    margin-top: 20px;\\n\\","    text-align: center;\\n\\","}\\n\\","</style>\\n\\","<style>\\n\\","/*csslint\\n\\","*/\\n\\","textarea {\\n\\","    font-family: monospace;\\n\\","    height: 10rem;\\n\\","    width: 100%;\\n\\","}\\n\\","textarea[readonly] {\\n\\","    background: #ddd;\\n\\","}\\n\\","</style>\\n\\","</head>\\n\\","<body>\\n\\","<!-- utility2-comment\\n\\","<div id=\"ajaxProgressDiv1\" style=\"background: #d00; height: 2px; left: 0; margin: 0; padding: 0; position: fixed; top: 0; transition: background 0.5s, width 1.5s; width: 25%;\"></div>\\n\\","utility2-comment -->\\n\\","<h1>\\n\\","<!-- utility2-comment\\n\\","    <a\\n\\","        {{#if env.npm_package_homepage}}\\n\\","        href=\"{{env.npm_package_homepage}}\"\\n\\","        {{/if env.npm_package_homepage}}\\n\\","        target=\"_blank\"\\n\\","    >\\n\\","utility2-comment -->\\n\\","        {{env.npm_package_name}} (v{{env.npm_package_version}})\\n\\","<!-- utility2-comment\\n\\","    </a>\\n\\","utility2-comment -->\\n\\","</h1>\\n\\","<h3>{{env.npm_package_description}}</h3>\\n\\","<!-- utility2-comment\\n\\","<h4><a download href=\"assets.app.js\">download standalone app</a></h4>\\n\\","<button class=\"onclick onreset\" id=\"testRunButton1\">run internal test</button><br>\\n\\","<div id=\"testReportDiv1\" style=\"display: none;\"></div>\\n\\","utility2-comment -->\\n\\","\\n\\","\\n\\","\\n\\","<label>stderr and stdout</label>\\n\\","<textarea class=\"resettable\" id=\"outputTextareaStdout1\" readonly></textarea>\\n\\","<!-- utility2-comment\\n\\","{{#if isRollup}}\\n\\","<script src=\"assets.app.js\"></script>\\n\\","{{#unless isRollup}}\\n\\","utility2-comment -->\\n\\","<script src=\"assets.utility2.rollup.js\"></script>\\n\\","<script src=\"jsonp.utility2._stateInit?callback=window.utility2._stateInit\"></script>\\n\\","<script src=\"assets.npmtest_walk.rollup.js\"></script>\\n\\","<script src=\"assets.example.js\"></script>\\n\\","<script src=\"assets.test.js\"></script>\\n\\","<!-- utility2-comment\\n\\","{{/if isRollup}}\\n\\","utility2-comment -->\\n\\","<div class=\"utility2FooterDiv\">\\n\\","    [ this app was created with\\n\\","    <a href=\"https://github.com/kaizhu256/node-utility2\" target=\"_blank\">utility2</a>\\n\\","    ]\\n\\","</div>\\n\\","</body>\\n\\","</html>\\n\\","';","        /* jslint-ignore-end */","        if (local.templateRender) {","            local.assetsDict['/'] = local.templateRender(","                local.assetsDict['/assets.index.template.html'],","                {","                    env: local.objectSetDefault(local.env, {","                        npm_package_description: 'the greatest app in the world!',","                        npm_package_name: 'my-app',","                        npm_package_nameAlias: 'my_app',","                        npm_package_version: '0.0.1'","                    })","                }","            );","        } else {","            local.assetsDict['/'] = local.assetsDict['/assets.index.template.html']","                .replace((/\\{\\{env\\.(\\w+?)\\}\\}/g), function (match0, match1) {","                    // jslint-hack","                    String(match0);","                    switch (match1) {","                    case 'npm_package_description':","                        return 'the greatest app in the world!';","                    case 'npm_package_name':","                        return 'my-app';","                    case 'npm_package_nameAlias':","                        return 'my_app';","                    case 'npm_package_version':","                        return '0.0.1';","                    }","                });","        }","        // run the cli","        if (local.global.utility2_rollup || module !== require.main) {","            break;","        }","        local.assetsDict['/assets.example.js'] =","            local.assetsDict['/assets.example.js'] ||","            local.fs.readFileSync(__filename, 'utf8');","        // bug-workaround - long $npm_package_buildCustomOrg","        /* jslint-ignore-begin */","        local.assetsDict['/assets.npmtest_walk.rollup.js'] =","            local.assetsDict['/assets.npmtest_walk.rollup.js'] ||","            local.fs.readFileSync(","                local.npmtest_walk.__dirname + '/lib.npmtest_walk.js',","                'utf8'","            ).replace((/^#!/), '//');","        /* jslint-ignore-end */","        local.assetsDict['/favicon.ico'] = local.assetsDict['/favicon.ico'] || '';","        // if $npm_config_timeout_exit exists,","        // then exit this process after $npm_config_timeout_exit ms","        if (Number(process.env.npm_config_timeout_exit)) {","            setTimeout(process.exit, Number(process.env.npm_config_timeout_exit));","        }","        // start server","        if (local.global.utility2_serverHttp1) {","            break;","        }","        process.env.PORT = process.env.PORT || '8081';","        console.error('server starting on port ' + process.env.PORT);","        local.http.createServer(function (request, response) {","            request.urlParsed = local.url.parse(request.url);","            if (local.assetsDict[request.urlParsed.pathname] !== undefined) {","                response.end(local.assetsDict[request.urlParsed.pathname]);","                return;","            }","            response.statusCode = 404;","            response.end();","        }).listen(process.env.PORT);","        break;","    }","}());",""],"l":{"26":2,"28":2,"33":2,"35":2,"37":2,"38":2,"39":2,"44":1,"51":2,"55":2,"59":2,"61":2,"69":1,"70":2,"76":2,"79":2,"82":2,"83":2,"85":1,"89":2,"92":1,"93":1,"94":1,"96":1,"97":1,"100":1,"101":1,"103":1,"106":1,"108":2,"114":1,"116":1,"118":1,"123":1,"124":2,"125":2,"126":3,"127":3,"128":3,"129":3,"130":1,"133":3,"134":3,"139":3,"143":1,"144":3,"145":1,"149":1,"150":1,"158":1,"160":1,"161":1,"162":1,"164":1,"166":1,"258":1,"259":1,"271":1,"274":6,"275":6,"277":1,"279":2,"281":1,"283":2,"288":1,"289":1,"291":1,"296":1,"303":1,"306":1,"307":1,"310":1,"311":1,"313":1,"314":1,"315":1,"316":1,"317":1,"318":1,"319":1,"321":1,"322":1,"324":1}},"/home/travis/build/npmtest/node-npmtest-walk/node_modules/walk/lib/walk.js":{"path":"/home/travis/build/npmtest/node-npmtest-walk/node_modules/walk/lib/walk.js","s":{"1":1,"2":1,"3":1,"4":1,"5":0,"6":1,"7":0,"8":1,"9":0,"10":0,"11":0,"12":0,"13":0,"14":0,"15":0,"16":0,"17":0,"18":0,"19":0,"20":0,"21":0,"22":0,"23":0,"24":0,"25":0,"26":0,"27":0,"28":0,"29":0,"30":0,"31":0,"32":1,"33":1,"34":0,"35":0,"36":0,"37":0,"38":0,"39":0,"40":0,"41":0,"42":0,"43":0,"44":1,"45":0,"46":0,"47":0,"48":0,"49":0,"50":0,"51":0,"52":0,"53":0,"54":0,"55":0,"56":0,"57":1,"58":0,"59":0,"60":0,"61":0,"62":0,"63":1,"64":0,"65":0,"66":0,"67":0,"68":1,"69":0,"70":0,"71":0,"72":0,"73":0,"74":0,"75":0,"76":0,"77":1,"78":0,"79":0,"80":0,"81":0,"82":0,"83":0,"84":0,"85":0,"86":0,"87":0,"88":0,"89":0,"90":0,"91":0,"92":0,"93":0,"94":0,"95":0,"96":0,"97":0,"98":1,"99":0,"100":0,"101":0,"102":0,"103":0,"104":1,"105":0,"106":0,"107":0,"108":0,"109":0,"110":1,"111":0,"112":0,"113":0,"114":1,"115":0,"116":0,"117":0,"118":0,"119":0,"120":0,"121":0,"122":0,"123":0,"124":0,"125":0,"126":0,"127":0,"128":0,"129":0,"130":0,"131":1,"132":0,"133":0,"134":1,"135":0,"136":1,"137":0,"138":0,"139":1,"140":0,"141":1,"142":0},"b":{"1":[0,0],"2":[0,0,0],"3":[0,0],"4":[0,0],"5":[0,0],"6":[0,0],"7":[0,0],"8":[0,0],"9":[0,0],"10":[0,0],"11":[0,0],"12":[0,0],"13":[0,0],"14":[0,0],"15":[0,0],"16":[0,0],"17":[0,0],"18":[0,0],"19":[0,0],"20":[0,0],"21":[0,0],"22":[0,0],"23":[0,0]},"f":{"1":1,"2":0,"3":0,"4":0,"5":0,"6":0,"7":0,"8":0,"9":0,"10":0,"11":0,"12":0,"13":0,"14":0,"15":0,"16":0,"17":0,"18":0,"19":0,"20":0,"21":0,"22":0,"23":0,"24":0,"25":0,"26":0},"fnMap":{"1":{"name":"(anonymous_1)","line":2,"loc":{"start":{"line":2,"column":1},"end":{"line":2,"column":13}}},"2":{"name":"noop","line":5,"loc":{"start":{"line":5,"column":2},"end":{"line":5,"column":18}}},"3":{"name":"appendToDirs","line":15,"loc":{"start":{"line":15,"column":2},"end":{"line":15,"column":30}}},"4":{"name":"wFilesHandlerWrapper","line":20,"loc":{"start":{"line":20,"column":2},"end":{"line":20,"column":39}}},"5":{"name":"Walker","line":25,"loc":{"start":{"line":25,"column":2},"end":{"line":25,"column":43}}},"6":{"name":"(anonymous_6)","line":51,"loc":{"start":{"line":51,"column":43},"end":{"line":51,"column":60}}},"7":{"name":"(anonymous_7)","line":59,"loc":{"start":{"line":59,"column":24},"end":{"line":59,"column":44}}},"8":{"name":"(anonymous_8)","line":70,"loc":{"start":{"line":70,"column":36},"end":{"line":70,"column":57}}},"9":{"name":"(anonymous_9)","line":90,"loc":{"start":{"line":90,"column":36},"end":{"line":90,"column":58}}},"10":{"name":"(anonymous_10)","line":104,"loc":{"start":{"line":104,"column":30},"end":{"line":104,"column":51}}},"11":{"name":"(anonymous_11)","line":116,"loc":{"start":{"line":116,"column":34},"end":{"line":116,"column":46}}},"12":{"name":"(anonymous_12)","line":126,"loc":{"start":{"line":126,"column":40},"end":{"line":126,"column":52}}},"13":{"name":"(anonymous_13)","line":138,"loc":{"start":{"line":138,"column":33},"end":{"line":138,"column":45}}},"14":{"name":"(anonymous_14)","line":157,"loc":{"start":{"line":157,"column":38},"end":{"line":157,"column":60}}},"15":{"name":"(anonymous_15)","line":191,"loc":{"start":{"line":191,"column":26},"end":{"line":191,"column":45}}},"16":{"name":"(anonymous_16)","line":210,"loc":{"start":{"line":210,"column":30},"end":{"line":210,"column":42}}},"17":{"name":"(anonymous_17)","line":217,"loc":{"start":{"line":217,"column":32},"end":{"line":217,"column":50}}},"18":{"name":"(anonymous_18)","line":225,"loc":{"start":{"line":225,"column":32},"end":{"line":225,"column":44}}},"19":{"name":"(anonymous_19)","line":240,"loc":{"start":{"line":240,"column":33},"end":{"line":240,"column":45}}},"20":{"name":"(anonymous_20)","line":246,"loc":{"start":{"line":246,"column":29},"end":{"line":246,"column":51}}},"21":{"name":"(anonymous_21)","line":250,"loc":{"start":{"line":250,"column":28},"end":{"line":250,"column":40}}},"22":{"name":"(anonymous_22)","line":280,"loc":{"start":{"line":280,"column":32},"end":{"line":280,"column":51}}},"23":{"name":"(anonymous_23)","line":286,"loc":{"start":{"line":286,"column":27},"end":{"line":286,"column":39}}},"24":{"name":"(anonymous_24)","line":289,"loc":{"start":{"line":289,"column":28},"end":{"line":289,"column":40}}},"25":{"name":"(anonymous_25)","line":294,"loc":{"start":{"line":294,"column":17},"end":{"line":294,"column":39}}},"26":{"name":"(anonymous_26)","line":298,"loc":{"start":{"line":298,"column":21},"end":{"line":298,"column":43}}}},"statementMap":{"1":{"start":{"line":2,"column":0},"end":{"line":301,"column":5}},"2":{"start":{"line":5,"column":2},"end":{"line":5,"column":20}},"3":{"start":{"line":7,"column":2},"end":{"line":13,"column":5}},"4":{"start":{"line":15,"column":2},"end":{"line":18,"column":3}},"5":{"start":{"line":17,"column":4},"end":{"line":17,"column":25}},"6":{"start":{"line":20,"column":2},"end":{"line":23,"column":3}},"7":{"start":{"line":22,"column":4},"end":{"line":22,"column":37}},"8":{"start":{"line":25,"column":2},"end":{"line":65,"column":3}},"9":{"start":{"line":26,"column":4},"end":{"line":26,"column":28}},"10":{"start":{"line":28,"column":4},"end":{"line":29,"column":7}},"11":{"start":{"line":31,"column":4},"end":{"line":31,"column":28}},"12":{"start":{"line":32,"column":4},"end":{"line":32,"column":57}},"13":{"start":{"line":33,"column":4},"end":{"line":33,"column":39}},"14":{"start":{"line":34,"column":4},"end":{"line":34,"column":21}},"15":{"start":{"line":35,"column":4},"end":{"line":35,"column":16}},"16":{"start":{"line":36,"column":4},"end":{"line":36,"column":26}},"17":{"start":{"line":37,"column":4},"end":{"line":37,"column":29}},"18":{"start":{"line":38,"column":4},"end":{"line":38,"column":41}},"19":{"start":{"line":39,"column":4},"end":{"line":39,"column":25}},"20":{"start":{"line":40,"column":4},"end":{"line":40,"column":28}},"21":{"start":{"line":42,"column":4},"end":{"line":48,"column":5}},"22":{"start":{"line":44,"column":6},"end":{"line":44,"column":32}},"23":{"start":{"line":47,"column":6},"end":{"line":47,"column":33}},"24":{"start":{"line":50,"column":4},"end":{"line":50,"column":48}},"25":{"start":{"line":51,"column":4},"end":{"line":62,"column":7}},"26":{"start":{"line":52,"column":6},"end":{"line":53,"column":9}},"27":{"start":{"line":55,"column":6},"end":{"line":57,"column":7}},"28":{"start":{"line":56,"column":8},"end":{"line":56,"column":32}},"29":{"start":{"line":59,"column":6},"end":{"line":61,"column":9}},"30":{"start":{"line":60,"column":8},"end":{"line":60,"column":31}},"31":{"start":{"line":64,"column":4},"end":{"line":64,"column":16}},"32":{"start":{"line":68,"column":2},"end":{"line":68,"column":38}},"33":{"start":{"line":70,"column":2},"end":{"line":89,"column":4}},"34":{"start":{"line":71,"column":4},"end":{"line":72,"column":7}},"35":{"start":{"line":74,"column":4},"end":{"line":74,"column":22}},"36":{"start":{"line":75,"column":4},"end":{"line":75,"column":29}},"37":{"start":{"line":77,"column":4},"end":{"line":88,"column":5}},"38":{"start":{"line":78,"column":6},"end":{"line":78,"column":23}},"39":{"start":{"line":81,"column":6},"end":{"line":81,"column":53}},"40":{"start":{"line":82,"column":6},"end":{"line":82,"column":41}},"41":{"start":{"line":83,"column":6},"end":{"line":83,"column":29}},"42":{"start":{"line":85,"column":6},"end":{"line":85,"column":59}},"43":{"start":{"line":87,"column":6},"end":{"line":87,"column":81}},"44":{"start":{"line":90,"column":2},"end":{"line":115,"column":4}},"45":{"start":{"line":91,"column":4},"end":{"line":93,"column":7}},"46":{"start":{"line":96,"column":4},"end":{"line":96,"column":24}},"47":{"start":{"line":97,"column":4},"end":{"line":97,"column":32}},"48":{"start":{"line":98,"column":4},"end":{"line":98,"column":46}},"49":{"start":{"line":100,"column":4},"end":{"line":100,"column":46}},"50":{"start":{"line":102,"column":4},"end":{"line":108,"column":5}},"51":{"start":{"line":104,"column":6},"end":{"line":106,"column":9}},"52":{"start":{"line":105,"column":8},"end":{"line":105,"column":37}},"53":{"start":{"line":107,"column":6},"end":{"line":107,"column":13}},"54":{"start":{"line":110,"column":4},"end":{"line":114,"column":5}},"55":{"start":{"line":111,"column":6},"end":{"line":111,"column":59}},"56":{"start":{"line":113,"column":6},"end":{"line":113,"column":27}},"57":{"start":{"line":116,"column":2},"end":{"line":125,"column":4}},"58":{"start":{"line":117,"column":4},"end":{"line":119,"column":7}},"59":{"start":{"line":121,"column":4},"end":{"line":121,"column":61}},"60":{"start":{"line":122,"column":4},"end":{"line":122,"column":36}},"61":{"start":{"line":123,"column":4},"end":{"line":123,"column":35}},"62":{"start":{"line":124,"column":4},"end":{"line":124,"column":16}},"63":{"start":{"line":126,"column":2},"end":{"line":137,"column":4}},"64":{"start":{"line":127,"column":4},"end":{"line":128,"column":7}},"65":{"start":{"line":130,"column":4},"end":{"line":134,"column":5}},"66":{"start":{"line":133,"column":6},"end":{"line":133,"column":69}},"67":{"start":{"line":136,"column":4},"end":{"line":136,"column":92}},"68":{"start":{"line":138,"column":2},"end":{"line":156,"column":4}},"69":{"start":{"line":139,"column":4},"end":{"line":140,"column":7}},"70":{"start":{"line":142,"column":4},"end":{"line":144,"column":5}},"71":{"start":{"line":143,"column":6},"end":{"line":143,"column":25}},"72":{"start":{"line":148,"column":4},"end":{"line":148,"column":56}},"73":{"start":{"line":150,"column":4},"end":{"line":155,"column":5}},"74":{"start":{"line":151,"column":6},"end":{"line":151,"column":54}},"75":{"start":{"line":152,"column":6},"end":{"line":152,"column":30}},"76":{"start":{"line":154,"column":6},"end":{"line":154,"column":85}},"77":{"start":{"line":157,"column":2},"end":{"line":209,"column":4}},"78":{"start":{"line":158,"column":4},"end":{"line":162,"column":7}},"79":{"start":{"line":164,"column":4},"end":{"line":164,"column":35}},"80":{"start":{"line":165,"column":4},"end":{"line":165,"column":26}},"81":{"start":{"line":168,"column":4},"end":{"line":171,"column":5}},"82":{"start":{"line":169,"column":6},"end":{"line":169,"column":23}},"83":{"start":{"line":170,"column":6},"end":{"line":170,"column":13}},"84":{"start":{"line":174,"column":4},"end":{"line":174,"column":51}},"85":{"start":{"line":177,"column":4},"end":{"line":184,"column":5}},"86":{"start":{"line":179,"column":6},"end":{"line":179,"column":68}},"87":{"start":{"line":182,"column":6},"end":{"line":182,"column":23}},"88":{"start":{"line":183,"column":6},"end":{"line":183,"column":13}},"89":{"start":{"line":187,"column":4},"end":{"line":187,"column":26}},"90":{"start":{"line":190,"column":4},"end":{"line":190,"column":54}},"91":{"start":{"line":191,"column":4},"end":{"line":208,"column":7}},"92":{"start":{"line":193,"column":6},"end":{"line":205,"column":7}},"93":{"start":{"line":196,"column":8},"end":{"line":196,"column":57}},"94":{"start":{"line":197,"column":8},"end":{"line":197,"column":32}},"95":{"start":{"line":198,"column":8},"end":{"line":198,"column":30}},"96":{"start":{"line":204,"column":8},"end":{"line":204,"column":65}},"97":{"start":{"line":207,"column":6},"end":{"line":207,"column":23}},"98":{"start":{"line":210,"column":2},"end":{"line":224,"column":4}},"99":{"start":{"line":211,"column":4},"end":{"line":213,"column":7}},"100":{"start":{"line":217,"column":4},"end":{"line":221,"column":7}},"101":{"start":{"line":218,"column":6},"end":{"line":220,"column":7}},"102":{"start":{"line":219,"column":8},"end":{"line":219,"column":20}},"103":{"start":{"line":223,"column":4},"end":{"line":223,"column":19}},"104":{"start":{"line":225,"column":2},"end":{"line":239,"column":4}},"105":{"start":{"line":227,"column":4},"end":{"line":230,"column":7}},"106":{"start":{"line":232,"column":4},"end":{"line":236,"column":5}},"107":{"start":{"line":233,"column":6},"end":{"line":233,"column":43}},"108":{"start":{"line":235,"column":6},"end":{"line":235,"column":14}},"109":{"start":{"line":238,"column":4},"end":{"line":238,"column":36}},"110":{"start":{"line":240,"column":2},"end":{"line":249,"column":4}},"111":{"start":{"line":242,"column":4},"end":{"line":243,"column":7}},"112":{"start":{"line":246,"column":4},"end":{"line":248,"column":7}},"113":{"start":{"line":247,"column":6},"end":{"line":247,"column":38}},"114":{"start":{"line":250,"column":2},"end":{"line":279,"column":4}},"115":{"start":{"line":251,"column":4},"end":{"line":252,"column":7}},"116":{"start":{"line":254,"column":4},"end":{"line":256,"column":5}},"117":{"start":{"line":255,"column":6},"end":{"line":255,"column":13}},"118":{"start":{"line":257,"column":4},"end":{"line":268,"column":5}},"119":{"start":{"line":258,"column":6},"end":{"line":258,"column":34}},"120":{"start":{"line":259,"column":6},"end":{"line":261,"column":7}},"121":{"start":{"line":260,"column":8},"end":{"line":260,"column":36}},"122":{"start":{"line":262,"column":6},"end":{"line":266,"column":7}},"123":{"start":{"line":263,"column":8},"end":{"line":263,"column":20}},"124":{"start":{"line":265,"column":8},"end":{"line":265,"column":20}},"125":{"start":{"line":267,"column":6},"end":{"line":267,"column":13}},"126":{"start":{"line":269,"column":4},"end":{"line":269,"column":27}},"127":{"start":{"line":270,"column":4},"end":{"line":273,"column":5}},"128":{"start":{"line":271,"column":6},"end":{"line":271,"column":49}},"129":{"start":{"line":272,"column":6},"end":{"line":272,"column":25}},"130":{"start":{"line":277,"column":6},"end":{"line":277,"column":21}},"131":{"start":{"line":280,"column":2},"end":{"line":285,"column":4}},"132":{"start":{"line":281,"column":4},"end":{"line":282,"column":7}},"133":{"start":{"line":284,"column":4},"end":{"line":284,"column":48}},"134":{"start":{"line":286,"column":2},"end":{"line":288,"column":4}},"135":{"start":{"line":287,"column":4},"end":{"line":287,"column":24}},"136":{"start":{"line":289,"column":2},"end":{"line":292,"column":4}},"137":{"start":{"line":290,"column":4},"end":{"line":290,"column":25}},"138":{"start":{"line":291,"column":4},"end":{"line":291,"column":18}},"139":{"start":{"line":294,"column":2},"end":{"line":296,"column":4}},"140":{"start":{"line":295,"column":4},"end":{"line":295,"column":41}},"141":{"start":{"line":298,"column":2},"end":{"line":300,"column":4}},"142":{"start":{"line":299,"column":4},"end":{"line":299,"column":40}}},"branchMap":{"1":{"line":31,"type":"binary-expr","locations":[{"start":{"line":31,"column":14},"end":{"line":31,"column":21}},{"start":{"line":31,"column":25},"end":{"line":31,"column":27}}]},"2":{"line":32,"type":"binary-expr","locations":[{"start":{"line":32,"column":16},"end":{"line":32,"column":35}},{"start":{"line":32,"column":39},"end":{"line":32,"column":45}},{"start":{"line":32,"column":49},"end":{"line":32,"column":56}}]},"3":{"line":38,"type":"binary-expr","locations":[{"start":{"line":38,"column":19},"end":{"line":38,"column":34}},{"start":{"line":38,"column":38},"end":{"line":38,"column":40}}]},"4":{"line":42,"type":"if","locations":[{"start":{"line":42,"column":4},"end":{"line":42,"column":4}},{"start":{"line":42,"column":4},"end":{"line":42,"column":4}}]},"5":{"line":50,"type":"binary-expr","locations":[{"start":{"line":50,"column":24},"end":{"line":50,"column":41}},{"start":{"line":50,"column":45},"end":{"line":50,"column":47}}]},"6":{"line":55,"type":"if","locations":[{"start":{"line":55,"column":6},"end":{"line":55,"column":6}},{"start":{"line":55,"column":6},"end":{"line":55,"column":6}}]},"7":{"line":74,"type":"binary-expr","locations":[{"start":{"line":74,"column":11},"end":{"line":74,"column":15}},{"start":{"line":74,"column":19},"end":{"line":74,"column":21}}]},"8":{"line":77,"type":"if","locations":[{"start":{"line":77,"column":4},"end":{"line":77,"column":4}},{"start":{"line":77,"column":4},"end":{"line":77,"column":4}}]},"9":{"line":102,"type":"if","locations":[{"start":{"line":102,"column":4},"end":{"line":102,"column":4}},{"start":{"line":102,"column":4},"end":{"line":102,"column":4}}]},"10":{"line":130,"type":"if","locations":[{"start":{"line":130,"column":4},"end":{"line":130,"column":4}},{"start":{"line":130,"column":4},"end":{"line":130,"column":4}}]},"11":{"line":142,"type":"if","locations":[{"start":{"line":142,"column":4},"end":{"line":142,"column":4}},{"start":{"line":142,"column":4},"end":{"line":142,"column":4}}]},"12":{"line":142,"type":"binary-expr","locations":[{"start":{"line":142,"column":8},"end":{"line":142,"column":22}},{"start":{"line":142,"column":26},"end":{"line":142,"column":52}}]},"13":{"line":150,"type":"if","locations":[{"start":{"line":150,"column":4},"end":{"line":150,"column":4}},{"start":{"line":150,"column":4},"end":{"line":150,"column":4}}]},"14":{"line":168,"type":"if","locations":[{"start":{"line":168,"column":4},"end":{"line":168,"column":4}},{"start":{"line":168,"column":4},"end":{"line":168,"column":4}}]},"15":{"line":177,"type":"if","locations":[{"start":{"line":177,"column":4},"end":{"line":177,"column":4}},{"start":{"line":177,"column":4},"end":{"line":177,"column":4}}]},"16":{"line":193,"type":"if","locations":[{"start":{"line":193,"column":6},"end":{"line":193,"column":6}},{"start":{"line":193,"column":6},"end":{"line":193,"column":6}}]},"17":{"line":218,"type":"if","locations":[{"start":{"line":218,"column":6},"end":{"line":218,"column":6}},{"start":{"line":218,"column":6},"end":{"line":218,"column":6}}]},"18":{"line":254,"type":"if","locations":[{"start":{"line":254,"column":4},"end":{"line":254,"column":4}},{"start":{"line":254,"column":4},"end":{"line":254,"column":4}}]},"19":{"line":257,"type":"if","locations":[{"start":{"line":257,"column":4},"end":{"line":257,"column":4}},{"start":{"line":257,"column":4},"end":{"line":257,"column":4}}]},"20":{"line":259,"type":"binary-expr","locations":[{"start":{"line":259,"column":13},"end":{"line":259,"column":26}},{"start":{"line":259,"column":30},"end":{"line":259,"column":43}}]},"21":{"line":262,"type":"if","locations":[{"start":{"line":262,"column":6},"end":{"line":262,"column":6}},{"start":{"line":262,"column":6},"end":{"line":262,"column":6}}]},"22":{"line":262,"type":"binary-expr","locations":[{"start":{"line":262,"column":10},"end":{"line":262,"column":22}},{"start":{"line":262,"column":26},"end":{"line":262,"column":40}}]},"23":{"line":270,"type":"if","locations":[{"start":{"line":270,"column":4},"end":{"line":270,"column":4}},{"start":{"line":270,"column":4},"end":{"line":270,"column":4}}]}},"code":["// Adapted from work by jorge@jorgechamorro.com on 2010-11-25","(function () {","  \"use strict\";","","  function noop() {}","","  var fs = require('fs')","    , forEachAsync = require('foreachasync').forEachAsync","    , EventEmitter = require('events').EventEmitter","    , TypeEmitter = require('./node-type-emitter')","    , util = require('util')","    , path = require('path')","    ;","","  function appendToDirs(stat) {","    /*jshint validthis:true*/","    this.push(stat.name);","  }","","  function wFilesHandlerWrapper(items) {","    /*jshint validthis:true*/","    this._wFilesHandler(noop, items);","  }","","  function Walker(pathname, options, sync) {","    EventEmitter.call(this);","","    var me = this","      ;","","    options = options || {};","    me._wStat = options.followLinks && 'stat' || 'lstat';","    me._wStatSync = me._wStat + 'Sync';","    me._wsync = sync;","    me._wq = [];","    me._wqueue = [me._wq];","    me._wcurpath = undefined;","    me._wfilters = options.filters || [];","    me._wfirstrun = true;","    me._wcurpath = pathname;","","    if (me._wsync) {","      //console.log('_walkSync');","      me._wWalk = me._wWalkSync;","    } else {","      //console.log('_walkASync');","      me._wWalk = me._wWalkAsync;","    }","","    options.listeners = options.listeners || {};","    Object.keys(options.listeners).forEach(function (event) {","      var callbacks = options.listeners[event]","        ;","","      if ('function' === typeof callbacks) {","        callbacks = [callbacks];","      }","","      callbacks.forEach(function (callback) {","        me.on(event, callback);","      });","    });","","    me._wWalk();","  }","","  // Inherits must come before prototype additions","  util.inherits(Walker, EventEmitter);","","  Walker.prototype._wLstatHandler = function (err, stat) {","    var me = this","      ;","","    stat = stat || {};","    stat.name = me._wcurfile;","","    if (err) {","      stat.error = err;","      //me.emit('error', curpath, stat);","      // TODO v3.0 (don't noop the next if there are listeners)","      me.emit('nodeError', me._wcurpath, stat, noop);","      me._wfnodegroups.errors.push(stat);","      me._wCurFileCallback();","    } else {","      TypeEmitter.sortFnodesByType(stat, me._wfnodegroups);","      // NOTE: wCurFileCallback doesn't need thisness, so this is okay","      TypeEmitter.emitNodeType(me, me._wcurpath, stat, me._wCurFileCallback, me);","    }","  };","  Walker.prototype._wFilesHandler = function (cont, file) {","    var statPath","      , me = this","      ;","","","    me._wcurfile = file;","    me._wCurFileCallback = cont;","    me.emit('name', me._wcurpath, file, noop);","","    statPath = me._wcurpath + path.sep + file;","","    if (!me._wsync) {","      // TODO how to remove this anony?","      fs[me._wStat](statPath, function (err, stat) {","        me._wLstatHandler(err, stat);","      });","      return;","    }","","    try {","      me._wLstatHandler(null, fs[me._wStatSync](statPath));","    } catch(e) {","      me._wLstatHandler(e);","    }","  };","  Walker.prototype._wOnEmitDone = function () {","    var me = this","      , dirs = []","      ;","","    me._wfnodegroups.directories.forEach(appendToDirs, dirs);","    dirs.forEach(me._wJoinPath, me);","    me._wqueue.push(me._wq = dirs);","    me._wNext();","  };","  Walker.prototype._wPostFilesHandler = function () {","    var me = this","      ;","","    if (me._wfnodegroups.errors.length) {","      // TODO v3.0 (don't noop the next)","      // .errors is an array of stats with { name: name, error: error }","      me.emit('errors', me._wcurpath, me._wfnodegroups.errors, noop);","    }","    // XXX emitNodeTypes still needs refactor","    TypeEmitter.emitNodeTypeGroups(me, me._wcurpath, me._wfnodegroups, me._wOnEmitDone, me);","  };","  Walker.prototype._wReadFiles = function () {","    var me = this","      ;","","    if (!me._wcurfiles || 0 === me._wcurfiles.length) {","      return me._wNext();","    }","","    // TODO could allow user to selectively stat","    // and don't stat if there are no stat listeners","    me.emit('names', me._wcurpath, me._wcurfiles, noop);","","    if (me._wsync) {","      me._wcurfiles.forEach(wFilesHandlerWrapper, me);","      me._wPostFilesHandler();","    } else {","      forEachAsync(me._wcurfiles, me._wFilesHandler, me).then(me._wPostFilesHandler);","    }","  };","  Walker.prototype._wReaddirHandler = function (err, files) {","    var fnodeGroups = TypeEmitter.createNodeGroups()","      , me = this","      , parent","      , child","      ;","","    me._wfnodegroups = fnodeGroups;","    me._wcurfiles = files;","","    // no error, great","    if (!err) {","      me._wReadFiles();","      return;","    }","","    // TODO path.sep","    me._wcurpath = me._wcurpath.replace(/\\/$/, '');","","    // error? not first run? => directory error","    if (!me._wfirstrun) {","      // TODO v3.0 (don't noop the next if there are listeners)","      me.emit('directoryError', me._wcurpath, { error: err }, noop);","      // TODO v3.0","      //me.emit('directoryError', me._wcurpath.replace(/^(.*)\\/.*$/, '$1'), { name: me._wcurpath.replace(/^.*\\/(.*)/, '$1'), error: err }, noop);","      me._wReadFiles();","      return;","    }","","    // error? first run? => maybe a file, maybe a true error","    me._wfirstrun = false;","","    // readdir failed (might be a file), try a stat on the parent","    parent = me._wcurpath.replace(/^(.*)\\/.*$/, '$1');","    fs[me._wStat](parent, function (e, stat) {","","      if (stat) {","        // success","        // now try stat on this as a child of the parent directory","        child = me._wcurpath.replace(/^.*\\/(.*)$/, '$1');","        me._wcurfiles = [child];","        me._wcurpath = parent;","      } else {","        // TODO v3.0","        //me.emit('directoryError', me._wcurpath.replace(/^(.*)\\/.*$/, '$1'), { name: me._wcurpath.replace(/^.*\\/(.*)/, '$1'), error: err }, noop);","        // TODO v3.0 (don't noop the next)","        // the original readdir error, not the parent stat error","        me.emit('nodeError', me._wcurpath, { error: err }, noop);","      }","","      me._wReadFiles();","    });","  };","  Walker.prototype._wFilter = function () {","    var me = this","      , exclude","      ;","","    // Stop directories that contain filter keywords","    // from continuing through the walk process","    exclude = me._wfilters.some(function (filter) {","      if (me._wcurpath.match(filter)) {","        return true;","      }","    });","","    return exclude;","  };","  Walker.prototype._wWalkSync = function () {","    //console.log('walkSync');","    var err","      , files","      , me = this","      ;","","    try {","      files = fs.readdirSync(me._wcurpath);","    } catch(e) {","      err = e;","    }","","    me._wReaddirHandler(err, files);","  };","  Walker.prototype._wWalkAsync = function () {","    //console.log('walkAsync');","    var me = this","      ;","","    // TODO how to remove this anony?","    fs.readdir(me._wcurpath, function (err, files) {","      me._wReaddirHandler(err, files);","    });","  };","  Walker.prototype._wNext = function () {","    var me = this","      ;","","    if (me._paused) {","      return;","    }","    if (me._wq.length) {","      me._wcurpath = me._wq.pop();","      while (me._wq.length && me._wFilter()) {","        me._wcurpath = me._wq.pop();","      }","      if (me._wcurpath && !me._wFilter()) {","        me._wWalk();","      } else {","        me._wNext();","      }","      return;","    }","    me._wqueue.length -= 1;","    if (me._wqueue.length) {","      me._wq = me._wqueue[me._wqueue.length - 1];","      return me._wNext();","    }","","    // To not break compatibility","    //process.nextTick(function () {","      me.emit('end');","    //});","  };","  Walker.prototype._wJoinPath = function (v, i, o) {","    var me = this","      ;","","    o[i] = [me._wcurpath, path.sep, v].join('');","  };","  Walker.prototype.pause = function () {","    this._paused = true;","  };","  Walker.prototype.resume = function () {","    this._paused = false;","    this._wNext();","  };","","  exports.walk = function (path, opts) {","    return new Walker(path, opts, false);","  };","","  exports.walkSync = function (path, opts) {","    return new Walker(path, opts, true);","  };","}());",""],"l":{"2":1,"5":1,"7":1,"15":1,"17":0,"20":1,"22":0,"25":1,"26":0,"28":0,"31":0,"32":0,"33":0,"34":0,"35":0,"36":0,"37":0,"38":0,"39":0,"40":0,"42":0,"44":0,"47":0,"50":0,"51":0,"52":0,"55":0,"56":0,"59":0,"60":0,"64":0,"68":1,"70":1,"71":0,"74":0,"75":0,"77":0,"78":0,"81":0,"82":0,"83":0,"85":0,"87":0,"90":1,"91":0,"96":0,"97":0,"98":0,"100":0,"102":0,"104":0,"105":0,"107":0,"110":0,"111":0,"113":0,"116":1,"117":0,"121":0,"122":0,"123":0,"124":0,"126":1,"127":0,"130":0,"133":0,"136":0,"138":1,"139":0,"142":0,"143":0,"148":0,"150":0,"151":0,"152":0,"154":0,"157":1,"158":0,"164":0,"165":0,"168":0,"169":0,"170":0,"174":0,"177":0,"179":0,"182":0,"183":0,"187":0,"190":0,"191":0,"193":0,"196":0,"197":0,"198":0,"204":0,"207":0,"210":1,"211":0,"217":0,"218":0,"219":0,"223":0,"225":1,"227":0,"232":0,"233":0,"235":0,"238":0,"240":1,"242":0,"246":0,"247":0,"250":1,"251":0,"254":0,"255":0,"257":0,"258":0,"259":0,"260":0,"262":0,"263":0,"265":0,"267":0,"269":0,"270":0,"271":0,"272":0,"277":0,"280":1,"281":0,"284":0,"286":1,"287":0,"289":1,"290":0,"291":0,"294":1,"295":0,"298":1,"299":0}},"/home/travis/build/npmtest/node-npmtest-walk/node_modules/walk/lib/node-type-emitter.js":{"path":"/home/travis/build/npmtest/node-npmtest-walk/node_modules/walk/lib/node-type-emitter.js","s":{"1":1,"2":1,"3":1,"4":0,"5":0,"6":0,"7":0,"8":1,"9":0,"10":0,"11":0,"12":0,"13":0,"14":0,"15":0,"16":1,"17":0,"18":1,"19":0,"20":0,"21":0,"22":0,"23":0,"24":0,"25":1,"26":0,"27":1,"28":0,"29":0,"30":0,"31":0,"32":0,"33":0,"34":0,"35":0,"36":0,"37":1},"b":{"1":[0,0],"2":[0,0],"3":[0,0],"4":[0,0]},"f":{"1":1,"2":0,"3":0,"4":0,"5":0,"6":0,"7":0,"8":0,"9":0},"fnMap":{"1":{"name":"(anonymous_1)","line":2,"loc":{"start":{"line":2,"column":1},"end":{"line":2,"column":13}}},"2":{"name":"createNodeGroups","line":18,"loc":{"start":{"line":18,"column":2},"end":{"line":18,"column":30}}},"3":{"name":"(anonymous_3)","line":20,"loc":{"start":{"line":20,"column":55},"end":{"line":20,"column":82}}},"4":{"name":"sortFnodesByType","line":29,"loc":{"start":{"line":29,"column":2},"end":{"line":29,"column":42}}},"5":{"name":"emitSingleEvents","line":47,"loc":{"start":{"line":47,"column":2},"end":{"line":47,"column":62}}},"6":{"name":"nextWhenReady","line":50,"loc":{"start":{"line":50,"column":4},"end":{"line":50,"column":29}}},"7":{"name":"emitPluralEvents","line":64,"loc":{"start":{"line":64,"column":2},"end":{"line":64,"column":62}}},"8":{"name":"nextWhenReady","line":67,"loc":{"start":{"line":67,"column":4},"end":{"line":67,"column":29}}},"9":{"name":"(anonymous_9)","line":72,"loc":{"start":{"line":72,"column":57},"end":{"line":72,"column":78}}}},"statementMap":{"1":{"start":{"line":2,"column":0},"end":{"line":89,"column":5}},"2":{"start":{"line":6,"column":2},"end":{"line":14,"column":6}},"3":{"start":{"line":18,"column":2},"end":{"line":24,"column":3}},"4":{"start":{"line":19,"column":4},"end":{"line":19,"column":24}},"5":{"start":{"line":20,"column":4},"end":{"line":22,"column":7}},"6":{"start":{"line":21,"column":6},"end":{"line":21,"column":39}},"7":{"start":{"line":23,"column":4},"end":{"line":23,"column":22}},"8":{"start":{"line":29,"column":2},"end":{"line":40,"column":3}},"9":{"start":{"line":30,"column":4},"end":{"line":30,"column":18}},"10":{"start":{"line":32,"column":4},"end":{"line":39,"column":5}},"11":{"start":{"line":33,"column":6},"end":{"line":33,"column":31}},"12":{"start":{"line":34,"column":6},"end":{"line":38,"column":7}},"13":{"start":{"line":35,"column":8},"end":{"line":35,"column":34}},"14":{"start":{"line":36,"column":8},"end":{"line":36,"column":47}},"15":{"start":{"line":37,"column":8},"end":{"line":37,"column":15}},"16":{"start":{"line":47,"column":2},"end":{"line":58,"column":3}},"17":{"start":{"line":48,"column":4},"end":{"line":48,"column":90}},"18":{"start":{"line":50,"column":4},"end":{"line":53,"column":5}},"19":{"start":{"line":51,"column":6},"end":{"line":51,"column":15}},"20":{"start":{"line":52,"column":6},"end":{"line":52,"column":41}},"21":{"start":{"line":52,"column":23},"end":{"line":52,"column":39}},"22":{"start":{"line":55,"column":4},"end":{"line":55,"column":57}},"23":{"start":{"line":56,"column":4},"end":{"line":56,"column":53}},"24":{"start":{"line":57,"column":4},"end":{"line":57,"column":20}},"25":{"start":{"line":64,"column":2},"end":{"line":78,"column":3}},"26":{"start":{"line":65,"column":4},"end":{"line":65,"column":16}},"27":{"start":{"line":67,"column":4},"end":{"line":70,"column":5}},"28":{"start":{"line":68,"column":6},"end":{"line":68,"column":15}},"29":{"start":{"line":69,"column":6},"end":{"line":69,"column":41}},"30":{"start":{"line":69,"column":23},"end":{"line":69,"column":39}},"31":{"start":{"line":72,"column":4},"end":{"line":76,"column":7}},"32":{"start":{"line":73,"column":6},"end":{"line":73,"column":52}},"33":{"start":{"line":73,"column":43},"end":{"line":73,"column":50}},"34":{"start":{"line":74,"column":6},"end":{"line":74,"column":49}},"35":{"start":{"line":75,"column":6},"end":{"line":75,"column":69}},"36":{"start":{"line":77,"column":4},"end":{"line":77,"column":20}},"37":{"start":{"line":80,"column":2},"end":{"line":88,"column":4}}},"branchMap":{"1":{"line":34,"type":"if","locations":[{"start":{"line":34,"column":6},"end":{"line":34,"column":6}},{"start":{"line":34,"column":6},"end":{"line":34,"column":6}}]},"2":{"line":52,"type":"if","locations":[{"start":{"line":52,"column":6},"end":{"line":52,"column":6}},{"start":{"line":52,"column":6},"end":{"line":52,"column":6}}]},"3":{"line":69,"type":"if","locations":[{"start":{"line":69,"column":6},"end":{"line":69,"column":6}},{"start":{"line":69,"column":6},"end":{"line":69,"column":6}}]},"4":{"line":73,"type":"if","locations":[{"start":{"line":73,"column":6},"end":{"line":73,"column":6}},{"start":{"line":73,"column":6},"end":{"line":73,"column":6}}]}},"code":["/*jshint strict:true node:true es5:true onevar:true laxcomma:true laxbreak:true*/","(function () {","  \"use strict\";","","  // \"FIFO\" isn't easy to convert to camelCase and back reliably","  var isFnodeTypes = [","      \"isFile\", \"isDirectory\",  \"isSymbolicLink\", \"isBlockDevice\",  \"isCharacterDevice\", \"isFIFO\", \"isSocket\"","    ],","    fnodeTypes = [","      \"file\",   \"directory\",    \"symbolicLink\",   \"blockDevice\",    \"characterDevice\",    \"FIFO\",   \"socket\"","    ],","    fnodeTypesPlural = [","      \"files\",  \"directories\",  \"symbolicLinks\",  \"blockDevices\",   \"characterDevices\",   \"FIFOs\",  \"sockets\"","    ];","","","  // ","  function createNodeGroups() {","    var nodeGroups = {};","    fnodeTypesPlural.concat(\"nodes\", \"errors\").forEach(function (fnodeTypePlural) {","      nodeGroups[fnodeTypePlural] = [];","    });","    return nodeGroups;","  }","","","  // Determine each file node's type","  // ","  function sortFnodesByType(stat, fnodes) {","    var i, isType;","","    for (i = 0; i < isFnodeTypes.length; i += 1) {","      isType = isFnodeTypes[i];","      if (stat[isType]()) {","        stat.type = fnodeTypes[i];","        fnodes[fnodeTypesPlural[i]].push(stat);","        return;","      }","    }","  }","","","  // Get the current number of listeners (which may change)","  // Emit events to each listener","  // Wait for all listeners to `next()` before continueing","  // (in theory this may avoid disk thrashing)","  function emitSingleEvents(emitter, path, stats, next, self) {","    var num = 1 + emitter.listeners(stats.type).length + emitter.listeners(\"node\").length;","","    function nextWhenReady() {","      num -= 1;","      if (0 === num) { next.call(self); }","    }","","    emitter.emit(stats.type, path, stats, nextWhenReady);","    emitter.emit(\"node\", path, stats, nextWhenReady);","    nextWhenReady();","  }","","","  // Since the risk for disk thrashing among anything","  // other than files is relatively low, all types are","  // emitted at once, but all must complete before advancing","  function emitPluralEvents(emitter, path, nodes, next, self) {","    var num = 1;","","    function nextWhenReady() {","      num -= 1;","      if (0 === num) { next.call(self); }","    }","","    fnodeTypesPlural.concat([\"nodes\", \"errors\"]).forEach(function (fnodeType) {","      if (0 === nodes[fnodeType].length) { return; }","      num += emitter.listeners(fnodeType).length;","      emitter.emit(fnodeType, path, nodes[fnodeType], nextWhenReady);","    });","    nextWhenReady();","  }","","  module.exports = {","    emitNodeType: emitSingleEvents,","    emitNodeTypeGroups: emitPluralEvents,","    isFnodeTypes: isFnodeTypes,","    fnodeTypes: fnodeTypes,","    fnodeTypesPlural: fnodeTypesPlural,","    sortFnodesByType: sortFnodesByType,","    createNodeGroups: createNodeGroups","  };","}());",""],"l":{"2":1,"6":1,"18":1,"19":0,"20":0,"21":0,"23":0,"29":1,"30":0,"32":0,"33":0,"34":0,"35":0,"36":0,"37":0,"47":1,"48":0,"50":1,"51":0,"52":0,"55":0,"56":0,"57":0,"64":1,"65":0,"67":1,"68":0,"69":0,"72":0,"73":0,"74":0,"75":0,"77":0,"80":1}},"/home/travis/build/npmtest/node-npmtest-walk/node_modules/walk/lib/walk-async-only.js":{"path":"/home/travis/build/npmtest/node-npmtest-walk/node_modules/walk/lib/walk-async-only.js","s":{"1":2,"2":2,"3":1,"4":0,"5":1,"6":0,"7":1,"8":0,"9":0,"10":0,"11":0,"12":0,"13":0,"14":0,"15":0,"16":0,"17":0,"18":0,"19":0,"20":0,"21":0,"22":0,"23":0,"24":0,"25":0,"26":0,"27":0,"28":0,"29":0,"30":0,"31":0,"32":0,"33":0,"34":0,"35":0,"36":1,"37":0,"38":0,"39":0,"40":0,"41":0,"42":0,"43":0,"44":1,"45":0,"46":0,"47":0,"48":0,"49":0},"b":{"1":[0,0],"2":[0,0],"3":[0,0],"4":[0,0],"5":[0,0],"6":[0,0],"7":[0,0],"8":[0,0]},"f":{"1":2,"2":0,"3":0,"4":0,"5":0,"6":0,"7":0,"8":0,"9":0,"10":0,"11":0,"12":0},"fnMap":{"1":{"name":"(anonymous_1)","line":1,"loc":{"start":{"line":1,"column":1},"end":{"line":1,"column":13}}},"2":{"name":"noop","line":7,"loc":{"start":{"line":7,"column":2},"end":{"line":7,"column":18}}},"3":{"name":"create","line":15,"loc":{"start":{"line":15,"column":2},"end":{"line":15,"column":32}}},"4":{"name":"walk","line":21,"loc":{"start":{"line":21,"column":4},"end":{"line":21,"column":20}}},"5":{"name":"(anonymous_5)","line":22,"loc":{"start":{"line":22,"column":26},"end":{"line":22,"column":47}}},"6":{"name":"(anonymous_6)","line":37,"loc":{"start":{"line":37,"column":27},"end":{"line":37,"column":49}}},"7":{"name":"(anonymous_7)","line":39,"loc":{"start":{"line":39,"column":46},"end":{"line":39,"column":67}}},"8":{"name":"(anonymous_8)","line":53,"loc":{"start":{"line":53,"column":16},"end":{"line":53,"column":28}}},"9":{"name":"(anonymous_9)","line":57,"loc":{"start":{"line":57,"column":72},"end":{"line":57,"column":84}}},"10":{"name":"(anonymous_10)","line":59,"loc":{"start":{"line":59,"column":44},"end":{"line":59,"column":60}}},"11":{"name":"next","line":70,"loc":{"start":{"line":70,"column":4},"end":{"line":70,"column":20}}},"12":{"name":"fullPath","line":82,"loc":{"start":{"line":82,"column":4},"end":{"line":82,"column":29}}}},"statementMap":{"1":{"start":{"line":1,"column":0},"end":{"line":93,"column":5}},"2":{"start":{"line":5,"column":2},"end":{"line":5,"column":34}},"3":{"start":{"line":7,"column":2},"end":{"line":7,"column":20}},"4":{"start":{"line":9,"column":2},"end":{"line":12,"column":49}},"5":{"start":{"line":15,"column":2},"end":{"line":90,"column":3}},"6":{"start":{"line":16,"column":4},"end":{"line":19,"column":14}},"7":{"start":{"line":21,"column":4},"end":{"line":68,"column":5}},"8":{"start":{"line":22,"column":6},"end":{"line":67,"column":9}},"9":{"start":{"line":23,"column":8},"end":{"line":26,"column":9}},"10":{"start":{"line":24,"column":10},"end":{"line":24,"column":72}},"11":{"start":{"line":28,"column":8},"end":{"line":30,"column":9}},"12":{"start":{"line":29,"column":10},"end":{"line":29,"column":24}},"13":{"start":{"line":32,"column":8},"end":{"line":32,"column":57}},"14":{"start":{"line":36,"column":8},"end":{"line":36,"column":52}},"15":{"start":{"line":37,"column":8},"end":{"line":66,"column":11}},"16":{"start":{"line":38,"column":10},"end":{"line":38,"column":52}},"17":{"start":{"line":39,"column":10},"end":{"line":52,"column":13}},"18":{"start":{"line":40,"column":12},"end":{"line":40,"column":30}},"19":{"start":{"line":41,"column":12},"end":{"line":41,"column":29}},"20":{"start":{"line":42,"column":12},"end":{"line":51,"column":13}},"21":{"start":{"line":43,"column":14},"end":{"line":43,"column":31}},"22":{"start":{"line":45,"column":14},"end":{"line":45,"column":61}},"23":{"start":{"line":46,"column":14},"end":{"line":46,"column":44}},"24":{"start":{"line":47,"column":14},"end":{"line":47,"column":21}},"25":{"start":{"line":49,"column":14},"end":{"line":49,"column":62}},"26":{"start":{"line":50,"column":14},"end":{"line":50,"column":69}},"27":{"start":{"line":54,"column":10},"end":{"line":56,"column":11}},"28":{"start":{"line":55,"column":12},"end":{"line":55,"column":70}},"29":{"start":{"line":57,"column":10},"end":{"line":65,"column":13}},"30":{"start":{"line":58,"column":12},"end":{"line":58,"column":26}},"31":{"start":{"line":59,"column":12},"end":{"line":61,"column":15}},"32":{"start":{"line":60,"column":14},"end":{"line":60,"column":35}},"33":{"start":{"line":62,"column":12},"end":{"line":62,"column":35}},"34":{"start":{"line":63,"column":12},"end":{"line":63,"column":33}},"35":{"start":{"line":64,"column":12},"end":{"line":64,"column":19}},"36":{"start":{"line":70,"column":4},"end":{"line":80,"column":5}},"37":{"start":{"line":71,"column":6},"end":{"line":74,"column":7}},"38":{"start":{"line":72,"column":8},"end":{"line":72,"column":26}},"39":{"start":{"line":73,"column":8},"end":{"line":73,"column":22}},"40":{"start":{"line":75,"column":6},"end":{"line":78,"column":7}},"41":{"start":{"line":76,"column":8},"end":{"line":76,"column":34}},"42":{"start":{"line":77,"column":8},"end":{"line":77,"column":22}},"43":{"start":{"line":79,"column":6},"end":{"line":79,"column":26}},"44":{"start":{"line":82,"column":4},"end":{"line":84,"column":5}},"45":{"start":{"line":83,"column":6},"end":{"line":83,"column":44}},"46":{"start":{"line":86,"column":4},"end":{"line":86,"column":23}},"47":{"start":{"line":87,"column":4},"end":{"line":87,"column":11}},"48":{"start":{"line":89,"column":4},"end":{"line":89,"column":19}},"49":{"start":{"line":92,"column":2},"end":{"line":92,"column":26}}},"branchMap":{"1":{"line":23,"type":"if","locations":[{"start":{"line":23,"column":8},"end":{"line":23,"column":8}},{"start":{"line":23,"column":8},"end":{"line":23,"column":8}}]},"2":{"line":28,"type":"if","locations":[{"start":{"line":28,"column":8},"end":{"line":28,"column":8}},{"start":{"line":28,"column":8},"end":{"line":28,"column":8}}]},"3":{"line":28,"type":"binary-expr","locations":[{"start":{"line":28,"column":12},"end":{"line":28,"column":18}},{"start":{"line":28,"column":22},"end":{"line":28,"column":39}}]},"4":{"line":40,"type":"binary-expr","locations":[{"start":{"line":40,"column":19},"end":{"line":40,"column":23}},{"start":{"line":40,"column":27},"end":{"line":40,"column":29}}]},"5":{"line":42,"type":"if","locations":[{"start":{"line":42,"column":12},"end":{"line":42,"column":12}},{"start":{"line":42,"column":12},"end":{"line":42,"column":12}}]},"6":{"line":54,"type":"if","locations":[{"start":{"line":54,"column":10},"end":{"line":54,"column":10}},{"start":{"line":54,"column":10},"end":{"line":54,"column":10}}]},"7":{"line":71,"type":"if","locations":[{"start":{"line":71,"column":6},"end":{"line":71,"column":6}},{"start":{"line":71,"column":6},"end":{"line":71,"column":6}}]},"8":{"line":75,"type":"if","locations":[{"start":{"line":75,"column":6},"end":{"line":75,"column":6}},{"start":{"line":75,"column":6},"end":{"line":75,"column":6}}]}},"code":["(function () {","  \"use strict\"","","  // Array.prototype.forEachAsync(next, item, i, collection)","  require('futures/forEachAsync');","","  function noop() {}","","  var fs = require('fs'),","    path = require('path'),","    EventEmitter = require('events').EventEmitter,","    TypeEmitter = require('./node-type-emitter');","","  // 2010-11-25 jorge@jorgechamorro.com","  function create(pathname, cb) {","    var emitter = new EventEmitter(),","      q = [],","      queue = [q],","      curpath;","","    function walk() { ","      fs.readdir(curpath, function(err, files) {","        if (err) {","          emitter.emit('directoryError', curpath, { error: err }, noop);","          //emitter.emit('error', curpath, { error: err });","        }","        // XXX bug was here. next() was omitted","        if (!files || 0 == files.length) {","          return next();","        }","","        var fnodeGroups = TypeEmitter.createNodeGroups();","","        // TODO could allow user to selectively stat","        // and don't stat if there are no stat listeners","        emitter.emit('names', curpath, files, noop);","        files.forEachAsync(function (cont, file) {","          emitter.emit('name', curpath, file, noop);","          fs.lstat(curpath + path.sep + file, function (err, stat) {","            stat = stat || {};","            stat.name = file;","            if (err) {","              stat.error = err;","              //emitter.emit('error', curpath, stat);","              emitter.emit('nodeError', curpath, stat, noop);","              fnodeGroups.errors.push(stat);","              cont();","            } else {","              TypeEmitter.sortFnodesByType(stat, fnodeGroups);","              TypeEmitter.emitNodeType(emitter, curpath, stat, cont);","            }","          });","        }).then(function () {","          if (fnodeGroups.errors.length) {","            emitter.emit('errors', curpath, fnodeGroups.errors, noop);","          }","          TypeEmitter.emitNodeTypeGroups(emitter, curpath, fnodeGroups, function () {","            var dirs = [];","            fnodeGroups.directories.forEach(function (stat) {","              dirs.push(stat.name);","            });","            dirs.forEach(fullPath);","            queue.push(q = dirs);","            next();","          });","        });","      });","    }","    ","    function next() {","      if (q.length) {","        curpath = q.pop();","        return walk();","      }","      if (queue.length -= 1) {","        q = queue[queue.length-1];","        return next();","      }","      emitter.emit('end');","    }","    ","    function fullPath(v,i,o) {","      o[i]= [curpath, path.sep, v].join('');","    }","    ","    curpath = pathname;","    walk();","    ","    return emitter;","  }","","  module.exports = create;","}());",""],"l":{"1":2,"5":2,"7":1,"9":0,"15":1,"16":0,"21":1,"22":0,"23":0,"24":0,"28":0,"29":0,"32":0,"36":0,"37":0,"38":0,"39":0,"40":0,"41":0,"42":0,"43":0,"45":0,"46":0,"47":0,"49":0,"50":0,"54":0,"55":0,"57":0,"58":0,"59":0,"60":0,"62":0,"63":0,"64":0,"70":1,"71":0,"72":0,"73":0,"75":0,"76":0,"77":0,"79":0,"82":1,"83":0,"86":0,"87":0,"89":0,"92":0}}}